ARM GAS  C:\Users\STUDENT\AppData\Local\Temp\cc0birQN.s 			page 1


   1              		.syntax unified
   2              		.cpu cortex-m0
   3              		.fpu softvfp
   4              		.eabi_attribute 20, 1
   5              		.eabi_attribute 21, 1
   6              		.eabi_attribute 23, 3
   7              		.eabi_attribute 24, 1
   8              		.eabi_attribute 25, 1
   9              		.eabi_attribute 26, 1
  10              		.eabi_attribute 30, 4
  11              		.eabi_attribute 34, 0
  12              		.eabi_attribute 18, 4
  13              		.thumb
  14              		.syntax unified
  15              		.file	"main.c"
  16              		.text
  17              	.Ltext0:
  18              		.cfi_sections	.debug_frame
  19              		.section	.text.startup.main,"ax",%progbits
  20              		.align	1
  21              		.global	main
  22              		.code	16
  23              		.thumb_func
  24              		.type	main, %function
  25              	main:
  26              	.LFB32:
  27              		.file 1 "main.c"
   1:main.c        **** #include "project.h"
   2:main.c        **** int main(void)
   3:main.c        **** {
  28              		.loc 1 3 0
  29              		.cfi_startproc
  30              		@ args = 0, pretend = 0, frame = 0
  31              		@ frame_needed = 0, uses_anonymous_args = 0
  32 0000 70B5     		push	{r4, r5, r6, lr}
  33              		.cfi_def_cfa_offset 16
  34              		.cfi_offset 4, -16
  35              		.cfi_offset 5, -12
  36              		.cfi_offset 6, -8
  37              		.cfi_offset 14, -4
   4:main.c        ****     CyGlobalIntEnable; /* Enable global interrupts. */
  38              		.loc 1 4 0
  39              		.syntax divided
  40              	@ 4 "main.c" 1
  41 0002 62B6     		CPSIE   i
  42              	@ 0 "" 2
   5:main.c        ****     /* Place your initialization/startup code here (e.g. MyInst_Start()) */
   6:main.c        ****     SW_Tx_UART_Start();
  43              		.loc 1 6 0
  44              		.thumb
  45              		.syntax unified
  46 0004 FFF7FEFF 		bl	SW_Tx_UART_Start
  47              	.LVL0:
   7:main.c        ****     SW_Tx_UART_PutCRLF();
  48              		.loc 1 7 0
  49 0008 FFF7FEFF 		bl	SW_Tx_UART_PutCRLF
  50              	.LVL1:
ARM GAS  C:\Users\STUDENT\AppData\Local\Temp\cc0birQN.s 			page 2


   8:main.c        ****     SW_Tx_UART_PutString("Software Transmit UART");
  51              		.loc 1 8 0
  52 000c 1248     		ldr	r0, .L9
  53 000e FFF7FEFF 		bl	SW_Tx_UART_PutString
  54              	.LVL2:
   9:main.c        ****     SW_Tx_UART_PutCRLF();
  10:main.c        ****     uint8_t last_state = 0;
  55              		.loc 1 10 0
  56 0012 0024     		movs	r4, #0
   9:main.c        ****     SW_Tx_UART_PutCRLF();
  57              		.loc 1 9 0
  58 0014 FFF7FEFF 		bl	SW_Tx_UART_PutCRLF
  59              	.LVL3:
  60              	.L2:
  11:main.c        **** for(;;)
  12:main.c        **** {
  13:main.c        ****     /* Place your application code here. */
  14:main.c        ****     // button == 0 -> Button pressed
  15:main.c        ****     // button == 1 -> Button released
  16:main.c        ****     // LED_R_Write(0); -> Turn ON
  17:main.c        ****     // LED_R_Write(1); -> Turn OFF
  18:main.c        ****     if(Button_Read() == 1 && last_state == 0) //is button released
  61              		.loc 1 18 0
  62 0018 FFF7FEFF 		bl	Button_Read
  63              	.LVL4:
  64 001c 0500     		movs	r5, r0
  65 001e 0128     		cmp	r0, #1
  66 0020 02D1     		bne	.L3
  19:main.c        ****         {
  20:main.c        ****         last_state = 1;
  21:main.c        ****         SW_Tx_UART_PutString("Button released");
  67              		.loc 1 21 0 discriminator 1
  68 0022 0E48     		ldr	r0, .L9+4
  18:main.c        ****         {
  69              		.loc 1 18 0 discriminator 1
  70 0024 002C     		cmp	r4, #0
  71 0026 08D0     		beq	.L6
  72              	.L3:
  22:main.c        ****         SW_Tx_UART_PutCRLF();
  23:main.c        ****         LED_Red_Write(0); // Turn ON
  24:main.c        ****         LED_Green_Write(0);
  25:main.c        ****         LED_Blue_Write(0);
  26:main.c        ****         }
  27:main.c        ****         else if(Button_Read() == 0 && last_state == 1) //is button pressed
  73              		.loc 1 27 0
  74 0028 FFF7FEFF 		bl	Button_Read
  75              	.LVL5:
  76 002c 051E     		subs	r5, r0, #0
  77 002e F3D1     		bne	.L2
  78              		.loc 1 27 0 is_stmt 0 discriminator 1
  79 0030 012C     		cmp	r4, #1
  80 0032 01D0     		beq	.L8
  81              	.LVL6:
  82              	.L5:
  83 0034 2C00     		movs	r4, r5
  84 0036 EFE7     		b	.L2
  85              	.LVL7:
ARM GAS  C:\Users\STUDENT\AppData\Local\Temp\cc0birQN.s 			page 3


  86              	.L8:
  28:main.c        ****         {
  29:main.c        ****         last_state = 0;
  30:main.c        ****         SW_Tx_UART_PutString("Button pressed");
  87              		.loc 1 30 0 is_stmt 1
  88 0038 0948     		ldr	r0, .L9+8
  89              	.LVL8:
  90              	.L6:
  91 003a FFF7FEFF 		bl	SW_Tx_UART_PutString
  92              	.LVL9:
  31:main.c        ****         SW_Tx_UART_PutCRLF();
  93              		.loc 1 31 0
  94 003e FFF7FEFF 		bl	SW_Tx_UART_PutCRLF
  95              	.LVL10:
  32:main.c        ****         LED_Red_Write(1); // Turn OFF
  96              		.loc 1 32 0
  97 0042 2000     		movs	r0, r4
  98 0044 FFF7FEFF 		bl	LED_Red_Write
  99              	.LVL11:
  33:main.c        ****         LED_Green_Write(1);
 100              		.loc 1 33 0
 101 0048 2000     		movs	r0, r4
 102 004a FFF7FEFF 		bl	LED_Green_Write
 103              	.LVL12:
  34:main.c        ****         LED_Blue_Write(1);
 104              		.loc 1 34 0
 105 004e 2000     		movs	r0, r4
 106 0050 FFF7FEFF 		bl	LED_Blue_Write
 107              	.LVL13:
 108 0054 EEE7     		b	.L5
 109              	.L10:
 110 0056 C046     		.align	2
 111              	.L9:
 112 0058 00000000 		.word	.LC0
 113 005c 17000000 		.word	.LC2
 114 0060 27000000 		.word	.LC4
 115              		.cfi_endproc
 116              	.LFE32:
 117              		.size	main, .-main
 118              		.section	.rodata.str1.1,"aMS",%progbits,1
 119              	.LC0:
 120 0000 536F6674 		.ascii	"Software Transmit UART\000"
 120      77617265 
 120      20547261 
 120      6E736D69 
 120      74205541 
 121              	.LC2:
 122 0017 42757474 		.ascii	"Button released\000"
 122      6F6E2072 
 122      656C6561 
 122      73656400 
 123              	.LC4:
 124 0027 42757474 		.ascii	"Button pressed\000"
 124      6F6E2070 
 124      72657373 
 124      656400
 125              		.text
ARM GAS  C:\Users\STUDENT\AppData\Local\Temp\cc0birQN.s 			page 4


 126              	.Letext0:
 127              		.file 2 "c:\\program files (x86)\\cypress\\psoc creator\\4.4\\psoc creator\\import\\gnu\\arm\\5.4.
 128              		.file 3 "c:\\program files (x86)\\cypress\\psoc creator\\4.4\\psoc creator\\import\\gnu\\arm\\5.4.
 129              		.file 4 "Generated_Source\\PSoC4/SW_Tx_UART.h"
 130              		.file 5 "Generated_Source\\PSoC4/Button.h"
 131              		.file 6 "Generated_Source\\PSoC4/LED_Red.h"
 132              		.file 7 "Generated_Source\\PSoC4/LED_Green.h"
 133              		.file 8 "Generated_Source\\PSoC4/LED_Blue.h"
 134              		.section	.debug_info,"",%progbits
 135              	.Ldebug_info0:
 136 0000 A5010000 		.4byte	0x1a5
 137 0004 0400     		.2byte	0x4
 138 0006 00000000 		.4byte	.Ldebug_abbrev0
 139 000a 04       		.byte	0x4
 140 000b 01       		.uleb128 0x1
 141 000c 64000000 		.4byte	.LASF23
 142 0010 0C       		.byte	0xc
 143 0011 2C000000 		.4byte	.LASF24
 144 0015 F2000000 		.4byte	.LASF25
 145 0019 00000000 		.4byte	.Ldebug_ranges0+0
 146 001d 00000000 		.4byte	0
 147 0021 00000000 		.4byte	.Ldebug_line0
 148 0025 02       		.uleb128 0x2
 149 0026 01       		.byte	0x1
 150 0027 06       		.byte	0x6
 151 0028 B7010000 		.4byte	.LASF0
 152 002c 03       		.uleb128 0x3
 153 002d 5A000000 		.4byte	.LASF9
 154 0031 02       		.byte	0x2
 155 0032 1D       		.byte	0x1d
 156 0033 37000000 		.4byte	0x37
 157 0037 02       		.uleb128 0x2
 158 0038 01       		.byte	0x1
 159 0039 08       		.byte	0x8
 160 003a 56010000 		.4byte	.LASF1
 161 003e 02       		.uleb128 0x2
 162 003f 02       		.byte	0x2
 163 0040 05       		.byte	0x5
 164 0041 72010000 		.4byte	.LASF2
 165 0045 02       		.uleb128 0x2
 166 0046 02       		.byte	0x2
 167 0047 07       		.byte	0x7
 168 0048 A4010000 		.4byte	.LASF3
 169 004c 02       		.uleb128 0x2
 170 004d 04       		.byte	0x4
 171 004e 05       		.byte	0x5
 172 004f 69010000 		.4byte	.LASF4
 173 0053 02       		.uleb128 0x2
 174 0054 04       		.byte	0x4
 175 0055 07       		.byte	0x7
 176 0056 7C010000 		.4byte	.LASF5
 177 005a 02       		.uleb128 0x2
 178 005b 08       		.byte	0x8
 179 005c 05       		.byte	0x5
 180 005d 00000000 		.4byte	.LASF6
 181 0061 02       		.uleb128 0x2
 182 0062 08       		.byte	0x8
ARM GAS  C:\Users\STUDENT\AppData\Local\Temp\cc0birQN.s 			page 5


 183 0063 07       		.byte	0x7
 184 0064 43000000 		.4byte	.LASF7
 185 0068 04       		.uleb128 0x4
 186 0069 04       		.byte	0x4
 187 006a 05       		.byte	0x5
 188 006b 696E7400 		.ascii	"int\000"
 189 006f 02       		.uleb128 0x2
 190 0070 04       		.byte	0x4
 191 0071 07       		.byte	0x7
 192 0072 1F000000 		.4byte	.LASF8
 193 0076 03       		.uleb128 0x3
 194 0077 4E010000 		.4byte	.LASF10
 195 007b 03       		.byte	0x3
 196 007c 18       		.byte	0x18
 197 007d 2C000000 		.4byte	0x2c
 198 0081 02       		.uleb128 0x2
 199 0082 04       		.byte	0x4
 200 0083 04       		.byte	0x4
 201 0084 F2010000 		.4byte	.LASF11
 202 0088 02       		.uleb128 0x2
 203 0089 08       		.byte	0x8
 204 008a 04       		.byte	0x4
 205 008b 8E010000 		.4byte	.LASF12
 206 008f 02       		.uleb128 0x2
 207 0090 01       		.byte	0x1
 208 0091 08       		.byte	0x8
 209 0092 64010000 		.4byte	.LASF13
 210 0096 02       		.uleb128 0x2
 211 0097 04       		.byte	0x4
 212 0098 07       		.byte	0x7
 213 0099 04020000 		.4byte	.LASF14
 214 009d 02       		.uleb128 0x2
 215 009e 08       		.byte	0x8
 216 009f 04       		.byte	0x4
 217 00a0 E6010000 		.4byte	.LASF15
 218 00a4 05       		.uleb128 0x5
 219 00a5 33000000 		.4byte	.LASF26
 220 00a9 01       		.byte	0x1
 221 00aa 02       		.byte	0x2
 222 00ab 68000000 		.4byte	0x68
 223 00af 00000000 		.4byte	.LFB32
 224 00b3 64000000 		.4byte	.LFE32-.LFB32
 225 00b7 01       		.uleb128 0x1
 226 00b8 9C       		.byte	0x9c
 227 00b9 5B010000 		.4byte	0x15b
 228 00bd 06       		.uleb128 0x6
 229 00be 38000000 		.4byte	.LASF27
 230 00c2 01       		.byte	0x1
 231 00c3 0A       		.byte	0xa
 232 00c4 76000000 		.4byte	0x76
 233 00c8 00000000 		.4byte	.LLST0
 234 00cc 07       		.uleb128 0x7
 235 00cd 08000000 		.4byte	.LVL0
 236 00d1 5B010000 		.4byte	0x15b
 237 00d5 07       		.uleb128 0x7
 238 00d6 0C000000 		.4byte	.LVL1
 239 00da 66010000 		.4byte	0x166
ARM GAS  C:\Users\STUDENT\AppData\Local\Temp\cc0birQN.s 			page 6


 240 00de 08       		.uleb128 0x8
 241 00df 12000000 		.4byte	.LVL2
 242 00e3 71010000 		.4byte	0x171
 243 00e7 F5000000 		.4byte	0xf5
 244 00eb 09       		.uleb128 0x9
 245 00ec 01       		.uleb128 0x1
 246 00ed 50       		.byte	0x50
 247 00ee 05       		.uleb128 0x5
 248 00ef 03       		.byte	0x3
 249 00f0 00000000 		.4byte	.LC0
 250 00f4 00       		.byte	0
 251 00f5 07       		.uleb128 0x7
 252 00f6 18000000 		.4byte	.LVL3
 253 00fa 66010000 		.4byte	0x166
 254 00fe 07       		.uleb128 0x7
 255 00ff 1C000000 		.4byte	.LVL4
 256 0103 7C010000 		.4byte	0x17c
 257 0107 07       		.uleb128 0x7
 258 0108 2C000000 		.4byte	.LVL5
 259 010c 7C010000 		.4byte	0x17c
 260 0110 07       		.uleb128 0x7
 261 0111 3E000000 		.4byte	.LVL9
 262 0115 71010000 		.4byte	0x171
 263 0119 07       		.uleb128 0x7
 264 011a 42000000 		.4byte	.LVL10
 265 011e 66010000 		.4byte	0x166
 266 0122 08       		.uleb128 0x8
 267 0123 48000000 		.4byte	.LVL11
 268 0127 87010000 		.4byte	0x187
 269 012b 36010000 		.4byte	0x136
 270 012f 09       		.uleb128 0x9
 271 0130 01       		.uleb128 0x1
 272 0131 50       		.byte	0x50
 273 0132 02       		.uleb128 0x2
 274 0133 74       		.byte	0x74
 275 0134 00       		.sleb128 0
 276 0135 00       		.byte	0
 277 0136 08       		.uleb128 0x8
 278 0137 4E000000 		.4byte	.LVL12
 279 013b 92010000 		.4byte	0x192
 280 013f 4A010000 		.4byte	0x14a
 281 0143 09       		.uleb128 0x9
 282 0144 01       		.uleb128 0x1
 283 0145 50       		.byte	0x50
 284 0146 02       		.uleb128 0x2
 285 0147 74       		.byte	0x74
 286 0148 00       		.sleb128 0
 287 0149 00       		.byte	0
 288 014a 0A       		.uleb128 0xa
 289 014b 54000000 		.4byte	.LVL13
 290 014f 9D010000 		.4byte	0x19d
 291 0153 09       		.uleb128 0x9
 292 0154 01       		.uleb128 0x1
 293 0155 50       		.byte	0x50
 294 0156 02       		.uleb128 0x2
 295 0157 74       		.byte	0x74
 296 0158 00       		.sleb128 0
ARM GAS  C:\Users\STUDENT\AppData\Local\Temp\cc0birQN.s 			page 7


 297 0159 00       		.byte	0
 298 015a 00       		.byte	0
 299 015b 0B       		.uleb128 0xb
 300 015c 0E000000 		.4byte	.LASF16
 301 0160 0E000000 		.4byte	.LASF16
 302 0164 04       		.byte	0x4
 303 0165 1F       		.byte	0x1f
 304 0166 0B       		.uleb128 0xb
 305 0167 3B010000 		.4byte	.LASF17
 306 016b 3B010000 		.4byte	.LASF17
 307 016f 04       		.byte	0x4
 308 0170 2A       		.byte	0x2a
 309 0171 0B       		.uleb128 0xb
 310 0172 D1010000 		.4byte	.LASF18
 311 0176 D1010000 		.4byte	.LASF18
 312 017a 04       		.byte	0x4
 313 017b 26       		.byte	0x26
 314 017c 0B       		.uleb128 0xb
 315 017d F8010000 		.4byte	.LASF19
 316 0181 F8010000 		.4byte	.LASF19
 317 0185 05       		.byte	0x5
 318 0186 32       		.byte	0x32
 319 0187 0B       		.uleb128 0xb
 320 0188 C3010000 		.4byte	.LASF20
 321 018c C3010000 		.4byte	.LASF20
 322 0190 06       		.byte	0x6
 323 0191 33       		.byte	0x33
 324 0192 0B       		.uleb128 0xb
 325 0193 2B010000 		.4byte	.LASF21
 326 0197 2B010000 		.4byte	.LASF21
 327 019b 07       		.byte	0x7
 328 019c 33       		.byte	0x33
 329 019d 0B       		.uleb128 0xb
 330 019e 95010000 		.4byte	.LASF22
 331 01a2 95010000 		.4byte	.LASF22
 332 01a6 08       		.byte	0x8
 333 01a7 33       		.byte	0x33
 334 01a8 00       		.byte	0
 335              		.section	.debug_abbrev,"",%progbits
 336              	.Ldebug_abbrev0:
 337 0000 01       		.uleb128 0x1
 338 0001 11       		.uleb128 0x11
 339 0002 01       		.byte	0x1
 340 0003 25       		.uleb128 0x25
 341 0004 0E       		.uleb128 0xe
 342 0005 13       		.uleb128 0x13
 343 0006 0B       		.uleb128 0xb
 344 0007 03       		.uleb128 0x3
 345 0008 0E       		.uleb128 0xe
 346 0009 1B       		.uleb128 0x1b
 347 000a 0E       		.uleb128 0xe
 348 000b 55       		.uleb128 0x55
 349 000c 17       		.uleb128 0x17
 350 000d 11       		.uleb128 0x11
 351 000e 01       		.uleb128 0x1
 352 000f 10       		.uleb128 0x10
 353 0010 17       		.uleb128 0x17
ARM GAS  C:\Users\STUDENT\AppData\Local\Temp\cc0birQN.s 			page 8


 354 0011 00       		.byte	0
 355 0012 00       		.byte	0
 356 0013 02       		.uleb128 0x2
 357 0014 24       		.uleb128 0x24
 358 0015 00       		.byte	0
 359 0016 0B       		.uleb128 0xb
 360 0017 0B       		.uleb128 0xb
 361 0018 3E       		.uleb128 0x3e
 362 0019 0B       		.uleb128 0xb
 363 001a 03       		.uleb128 0x3
 364 001b 0E       		.uleb128 0xe
 365 001c 00       		.byte	0
 366 001d 00       		.byte	0
 367 001e 03       		.uleb128 0x3
 368 001f 16       		.uleb128 0x16
 369 0020 00       		.byte	0
 370 0021 03       		.uleb128 0x3
 371 0022 0E       		.uleb128 0xe
 372 0023 3A       		.uleb128 0x3a
 373 0024 0B       		.uleb128 0xb
 374 0025 3B       		.uleb128 0x3b
 375 0026 0B       		.uleb128 0xb
 376 0027 49       		.uleb128 0x49
 377 0028 13       		.uleb128 0x13
 378 0029 00       		.byte	0
 379 002a 00       		.byte	0
 380 002b 04       		.uleb128 0x4
 381 002c 24       		.uleb128 0x24
 382 002d 00       		.byte	0
 383 002e 0B       		.uleb128 0xb
 384 002f 0B       		.uleb128 0xb
 385 0030 3E       		.uleb128 0x3e
 386 0031 0B       		.uleb128 0xb
 387 0032 03       		.uleb128 0x3
 388 0033 08       		.uleb128 0x8
 389 0034 00       		.byte	0
 390 0035 00       		.byte	0
 391 0036 05       		.uleb128 0x5
 392 0037 2E       		.uleb128 0x2e
 393 0038 01       		.byte	0x1
 394 0039 3F       		.uleb128 0x3f
 395 003a 19       		.uleb128 0x19
 396 003b 03       		.uleb128 0x3
 397 003c 0E       		.uleb128 0xe
 398 003d 3A       		.uleb128 0x3a
 399 003e 0B       		.uleb128 0xb
 400 003f 3B       		.uleb128 0x3b
 401 0040 0B       		.uleb128 0xb
 402 0041 27       		.uleb128 0x27
 403 0042 19       		.uleb128 0x19
 404 0043 49       		.uleb128 0x49
 405 0044 13       		.uleb128 0x13
 406 0045 8701     		.uleb128 0x87
 407 0047 19       		.uleb128 0x19
 408 0048 11       		.uleb128 0x11
 409 0049 01       		.uleb128 0x1
 410 004a 12       		.uleb128 0x12
ARM GAS  C:\Users\STUDENT\AppData\Local\Temp\cc0birQN.s 			page 9


 411 004b 06       		.uleb128 0x6
 412 004c 40       		.uleb128 0x40
 413 004d 18       		.uleb128 0x18
 414 004e 9742     		.uleb128 0x2117
 415 0050 19       		.uleb128 0x19
 416 0051 01       		.uleb128 0x1
 417 0052 13       		.uleb128 0x13
 418 0053 00       		.byte	0
 419 0054 00       		.byte	0
 420 0055 06       		.uleb128 0x6
 421 0056 34       		.uleb128 0x34
 422 0057 00       		.byte	0
 423 0058 03       		.uleb128 0x3
 424 0059 0E       		.uleb128 0xe
 425 005a 3A       		.uleb128 0x3a
 426 005b 0B       		.uleb128 0xb
 427 005c 3B       		.uleb128 0x3b
 428 005d 0B       		.uleb128 0xb
 429 005e 49       		.uleb128 0x49
 430 005f 13       		.uleb128 0x13
 431 0060 02       		.uleb128 0x2
 432 0061 17       		.uleb128 0x17
 433 0062 00       		.byte	0
 434 0063 00       		.byte	0
 435 0064 07       		.uleb128 0x7
 436 0065 898201   		.uleb128 0x4109
 437 0068 00       		.byte	0
 438 0069 11       		.uleb128 0x11
 439 006a 01       		.uleb128 0x1
 440 006b 31       		.uleb128 0x31
 441 006c 13       		.uleb128 0x13
 442 006d 00       		.byte	0
 443 006e 00       		.byte	0
 444 006f 08       		.uleb128 0x8
 445 0070 898201   		.uleb128 0x4109
 446 0073 01       		.byte	0x1
 447 0074 11       		.uleb128 0x11
 448 0075 01       		.uleb128 0x1
 449 0076 31       		.uleb128 0x31
 450 0077 13       		.uleb128 0x13
 451 0078 01       		.uleb128 0x1
 452 0079 13       		.uleb128 0x13
 453 007a 00       		.byte	0
 454 007b 00       		.byte	0
 455 007c 09       		.uleb128 0x9
 456 007d 8A8201   		.uleb128 0x410a
 457 0080 00       		.byte	0
 458 0081 02       		.uleb128 0x2
 459 0082 18       		.uleb128 0x18
 460 0083 9142     		.uleb128 0x2111
 461 0085 18       		.uleb128 0x18
 462 0086 00       		.byte	0
 463 0087 00       		.byte	0
 464 0088 0A       		.uleb128 0xa
 465 0089 898201   		.uleb128 0x4109
 466 008c 01       		.byte	0x1
 467 008d 11       		.uleb128 0x11
ARM GAS  C:\Users\STUDENT\AppData\Local\Temp\cc0birQN.s 			page 10


 468 008e 01       		.uleb128 0x1
 469 008f 31       		.uleb128 0x31
 470 0090 13       		.uleb128 0x13
 471 0091 00       		.byte	0
 472 0092 00       		.byte	0
 473 0093 0B       		.uleb128 0xb
 474 0094 2E       		.uleb128 0x2e
 475 0095 00       		.byte	0
 476 0096 3F       		.uleb128 0x3f
 477 0097 19       		.uleb128 0x19
 478 0098 3C       		.uleb128 0x3c
 479 0099 19       		.uleb128 0x19
 480 009a 6E       		.uleb128 0x6e
 481 009b 0E       		.uleb128 0xe
 482 009c 03       		.uleb128 0x3
 483 009d 0E       		.uleb128 0xe
 484 009e 3A       		.uleb128 0x3a
 485 009f 0B       		.uleb128 0xb
 486 00a0 3B       		.uleb128 0x3b
 487 00a1 0B       		.uleb128 0xb
 488 00a2 00       		.byte	0
 489 00a3 00       		.byte	0
 490 00a4 00       		.byte	0
 491              		.section	.debug_loc,"",%progbits
 492              	.Ldebug_loc0:
 493              	.LLST0:
 494 0000 18000000 		.4byte	.LVL3
 495 0004 34000000 		.4byte	.LVL6
 496 0008 0100     		.2byte	0x1
 497 000a 54       		.byte	0x54
 498 000b 38000000 		.4byte	.LVL7
 499 000f 3A000000 		.4byte	.LVL8
 500 0013 0200     		.2byte	0x2
 501 0015 30       		.byte	0x30
 502 0016 9F       		.byte	0x9f
 503 0017 00000000 		.4byte	0
 504 001b 00000000 		.4byte	0
 505              		.section	.debug_aranges,"",%progbits
 506 0000 1C000000 		.4byte	0x1c
 507 0004 0200     		.2byte	0x2
 508 0006 00000000 		.4byte	.Ldebug_info0
 509 000a 04       		.byte	0x4
 510 000b 00       		.byte	0
 511 000c 0000     		.2byte	0
 512 000e 0000     		.2byte	0
 513 0010 00000000 		.4byte	.LFB32
 514 0014 64000000 		.4byte	.LFE32-.LFB32
 515 0018 00000000 		.4byte	0
 516 001c 00000000 		.4byte	0
 517              		.section	.debug_ranges,"",%progbits
 518              	.Ldebug_ranges0:
 519 0000 00000000 		.4byte	.LFB32
 520 0004 64000000 		.4byte	.LFE32
 521 0008 00000000 		.4byte	0
 522 000c 00000000 		.4byte	0
 523              		.section	.debug_line,"",%progbits
 524              	.Ldebug_line0:
ARM GAS  C:\Users\STUDENT\AppData\Local\Temp\cc0birQN.s 			page 11


 525 0000 AC010000 		.section	.debug_str,"MS",%progbits,1
 525      02007701 
 525      00000201 
 525      FB0E0D00 
 525      01010101 
 526              	.LASF6:
 527 0000 6C6F6E67 		.ascii	"long long int\000"
 527      206C6F6E 
 527      6720696E 
 527      7400
 528              	.LASF16:
 529 000e 53575F54 		.ascii	"SW_Tx_UART_Start\000"
 529      785F5541 
 529      52545F53 
 529      74617274 
 529      00
 530              	.LASF8:
 531 001f 756E7369 		.ascii	"unsigned int\000"
 531      676E6564 
 531      20696E74 
 531      00
 532              	.LASF24:
 533 002c 6D61696E 		.ascii	"main.c\000"
 533      2E6300
 534              	.LASF26:
 535 0033 6D61696E 		.ascii	"main\000"
 535      00
 536              	.LASF27:
 537 0038 6C617374 		.ascii	"last_state\000"
 537      5F737461 
 537      746500
 538              	.LASF7:
 539 0043 6C6F6E67 		.ascii	"long long unsigned int\000"
 539      206C6F6E 
 539      6720756E 
 539      7369676E 
 539      65642069 
 540              	.LASF9:
 541 005a 5F5F7569 		.ascii	"__uint8_t\000"
 541      6E74385F 
 541      7400
 542              	.LASF23:
 543 0064 474E5520 		.ascii	"GNU C11 5.4.1 20160609 (release) [ARM/embedded-5-br"
 543      43313120 
 543      352E342E 
 543      31203230 
 543      31363036 
 544 0097 616E6368 		.ascii	"anch revision 237715] -mcpu=cortex-m0 -mthumb -g -O"
 544      20726576 
 544      6973696F 
 544      6E203233 
 544      37373135 
 545 00ca 73202D66 		.ascii	"s -ffunction-sections -ffat-lto-objects\000"
 545      66756E63 
 545      74696F6E 
 545      2D736563 
 545      74696F6E 
ARM GAS  C:\Users\STUDENT\AppData\Local\Temp\cc0birQN.s 			page 12


 546              	.LASF25:
 547 00f2 433A5C55 		.ascii	"C:\\Users\\STUDENT\\Documents\\PSoC Creator\\Lab2\\"
 547      73657273 
 547      5C535455 
 547      44454E54 
 547      5C446F63 
 548 011f 5461736B 		.ascii	"Task1.cydsn\000"
 548      312E6379 
 548      64736E00 
 549              	.LASF21:
 550 012b 4C45445F 		.ascii	"LED_Green_Write\000"
 550      47726565 
 550      6E5F5772 
 550      69746500 
 551              	.LASF17:
 552 013b 53575F54 		.ascii	"SW_Tx_UART_PutCRLF\000"
 552      785F5541 
 552      52545F50 
 552      75744352 
 552      4C4600
 553              	.LASF10:
 554 014e 75696E74 		.ascii	"uint8_t\000"
 554      385F7400 
 555              	.LASF1:
 556 0156 756E7369 		.ascii	"unsigned char\000"
 556      676E6564 
 556      20636861 
 556      7200
 557              	.LASF13:
 558 0164 63686172 		.ascii	"char\000"
 558      00
 559              	.LASF4:
 560 0169 6C6F6E67 		.ascii	"long int\000"
 560      20696E74 
 560      00
 561              	.LASF2:
 562 0172 73686F72 		.ascii	"short int\000"
 562      7420696E 
 562      7400
 563              	.LASF5:
 564 017c 6C6F6E67 		.ascii	"long unsigned int\000"
 564      20756E73 
 564      69676E65 
 564      6420696E 
 564      7400
 565              	.LASF12:
 566 018e 646F7562 		.ascii	"double\000"
 566      6C6500
 567              	.LASF22:
 568 0195 4C45445F 		.ascii	"LED_Blue_Write\000"
 568      426C7565 
 568      5F577269 
 568      746500
 569              	.LASF3:
 570 01a4 73686F72 		.ascii	"short unsigned int\000"
 570      7420756E 
 570      7369676E 
ARM GAS  C:\Users\STUDENT\AppData\Local\Temp\cc0birQN.s 			page 13


 570      65642069 
 570      6E7400
 571              	.LASF0:
 572 01b7 7369676E 		.ascii	"signed char\000"
 572      65642063 
 572      68617200 
 573              	.LASF20:
 574 01c3 4C45445F 		.ascii	"LED_Red_Write\000"
 574      5265645F 
 574      57726974 
 574      6500
 575              	.LASF18:
 576 01d1 53575F54 		.ascii	"SW_Tx_UART_PutString\000"
 576      785F5541 
 576      52545F50 
 576      75745374 
 576      72696E67 
 577              	.LASF15:
 578 01e6 6C6F6E67 		.ascii	"long double\000"
 578      20646F75 
 578      626C6500 
 579              	.LASF11:
 580 01f2 666C6F61 		.ascii	"float\000"
 580      7400
 581              	.LASF19:
 582 01f8 42757474 		.ascii	"Button_Read\000"
 582      6F6E5F52 
 582      65616400 
 583              	.LASF14:
 584 0204 73697A65 		.ascii	"sizetype\000"
 584      74797065 
 584      00
 585              		.ident	"GCC: (GNU Tools for ARM Embedded Processors) 5.4.1 20160609 (release) [ARM/embedded-5-bran
