ARM GAS  C:\Users\STUDENT\AppData\Local\Temp\ccX9HRE7.s 			page 1


   1              		.syntax unified
   2              		.cpu cortex-m0
   3              		.fpu softvfp
   4              		.eabi_attribute 20, 1
   5              		.eabi_attribute 21, 1
   6              		.eabi_attribute 23, 3
   7              		.eabi_attribute 24, 1
   8              		.eabi_attribute 25, 1
   9              		.eabi_attribute 26, 1
  10              		.eabi_attribute 30, 1
  11              		.eabi_attribute 34, 0
  12              		.eabi_attribute 18, 4
  13              		.thumb
  14              		.syntax unified
  15              		.file	"main.c"
  16              		.text
  17              	.Ltext0:
  18              		.cfi_sections	.debug_frame
  19              		.section	.text.main,"ax",%progbits
  20              		.align	2
  21              		.global	main
  22              		.code	16
  23              		.thumb_func
  24              		.type	main, %function
  25              	main:
  26              	.LFB32:
  27              		.file 1 "main.c"
   1:main.c        **** #include "project.h"
   2:main.c        **** 
   3:main.c        **** int main(void)
   4:main.c        **** {
  28              		.loc 1 4 0
  29              		.cfi_startproc
  30              		@ args = 0, pretend = 0, frame = 0
  31              		@ frame_needed = 0, uses_anonymous_args = 0
  32 0000 70B5     		push	{r4, r5, r6, lr}
  33              		.cfi_def_cfa_offset 16
  34              		.cfi_offset 4, -16
  35              		.cfi_offset 5, -12
  36              		.cfi_offset 6, -8
  37              		.cfi_offset 14, -4
   5:main.c        ****     CyGlobalIntEnable; 
  38              		.loc 1 5 0
  39              		.syntax divided
  40              	@ 5 "main.c" 1
  41 0002 62B6     		CPSIE   i
  42              	@ 0 "" 2
  43              	.LVL0:
   6:main.c        **** 
   7:main.c        ****     uint8 color_state = 0;
   8:main.c        ****     uint8 last_button_state = 1;
  44              		.loc 1 8 0
  45              		.thumb
  46              		.syntax unified
  47 0004 0125     		movs	r5, #1
   7:main.c        ****     uint8 last_button_state = 1;
  48              		.loc 1 7 0
ARM GAS  C:\Users\STUDENT\AppData\Local\Temp\ccX9HRE7.s 			page 2


  49 0006 0026     		movs	r6, #0
  50 0008 00E0     		b	.L2
  51              	.LVL1:
  52              	.L3:
  53 000a 2500     		movs	r5, r4
  54              	.LVL2:
  55              	.L2:
  56              	.LBB2:
   9:main.c        **** 
  10:main.c        ****     for(;;)
  11:main.c        ****     {
  12:main.c        ****         uint8 current_button_state = Button_Read();
  57              		.loc 1 12 0
  58 000c FFF7FEFF 		bl	Button_Read
  59              	.LVL3:
  60 0010 0400     		movs	r4, r0
  61              	.LVL4:
  13:main.c        **** 
  14:main.c        ****         if (last_button_state == 1 && current_button_state == 0)
  62              		.loc 1 14 0
  63 0012 012D     		cmp	r5, #1
  64 0014 F9D1     		bne	.L3
  65              		.loc 1 14 0 is_stmt 0 discriminator 1
  66 0016 0028     		cmp	r0, #0
  67 0018 F7D1     		bne	.L3
  15:main.c        ****         {
  16:main.c        ****             color_state++;
  68              		.loc 1 16 0 is_stmt 1
  69 001a 0136     		adds	r6, r6, #1
  70              	.LVL5:
  71 001c F6B2     		uxtb	r6, r6
  72              	.LVL6:
  17:main.c        ****             if (color_state > 7) color_state = 0;
  73              		.loc 1 17 0
  74 001e 072E     		cmp	r6, #7
  75 0020 00D9     		bls	.L4
  76 0022 0026     		movs	r6, #0
  77              	.LVL7:
  78              	.L4:
  18:main.c        **** 
  19:main.c        ****             LED_Red_Write(1);
  79              		.loc 1 19 0
  80 0024 0120     		movs	r0, #1
  81              	.LVL8:
  82 0026 FFF7FEFF 		bl	LED_Red_Write
  83              	.LVL9:
  20:main.c        ****             LED_Green_Write(1);
  84              		.loc 1 20 0
  85 002a 0120     		movs	r0, #1
  86 002c FFF7FEFF 		bl	LED_Green_Write
  87              	.LVL10:
  21:main.c        ****             LED_Blue_Write(1);
  88              		.loc 1 21 0
  89 0030 0120     		movs	r0, #1
  90 0032 FFF7FEFF 		bl	LED_Blue_Write
  91              	.LVL11:
  22:main.c        **** 
ARM GAS  C:\Users\STUDENT\AppData\Local\Temp\ccX9HRE7.s 			page 3


  23:main.c        ****             switch(color_state)
  92              		.loc 1 23 0
  93 0036 072E     		cmp	r6, #7
  94 0038 30D8     		bhi	.L5
  95 003a B300     		lsls	r3, r6, #2
  96 003c 194A     		ldr	r2, .L15
  97 003e D358     		ldr	r3, [r2, r3]
  98 0040 9F46     		mov	pc, r3
  99              		.section	.rodata
 100              		.align	2
 101              	.L7:
 102 0000 9C000000 		.word	.L5
 103 0004 42000000 		.word	.L6
 104 0008 4A000000 		.word	.L8
 105 000c 52000000 		.word	.L9
 106 0010 5A000000 		.word	.L10
 107 0014 68000000 		.word	.L11
 108 0018 76000000 		.word	.L12
 109 001c 8A000000 		.word	.L13
 110              		.section	.text.main
 111              	.L6:
  24:main.c        ****             {
  25:main.c        ****                 case 1:
  26:main.c        ****                     LED_Red_Write(0);
 112              		.loc 1 26 0
 113 0042 0020     		movs	r0, #0
 114 0044 FFF7FEFF 		bl	LED_Red_Write
 115              	.LVL12:
  27:main.c        ****                     break;
 116              		.loc 1 27 0
 117 0048 28E0     		b	.L5
 118              	.L8:
  28:main.c        ****                 case 2:
  29:main.c        ****                     LED_Green_Write(0);
 119              		.loc 1 29 0
 120 004a 0020     		movs	r0, #0
 121 004c FFF7FEFF 		bl	LED_Green_Write
 122              	.LVL13:
  30:main.c        ****                     break;
 123              		.loc 1 30 0
 124 0050 24E0     		b	.L5
 125              	.L9:
  31:main.c        ****                 case 3:
  32:main.c        ****                     LED_Blue_Write(0);
 126              		.loc 1 32 0
 127 0052 0020     		movs	r0, #0
 128 0054 FFF7FEFF 		bl	LED_Blue_Write
 129              	.LVL14:
  33:main.c        ****                     break;
 130              		.loc 1 33 0
 131 0058 20E0     		b	.L5
 132              	.L10:
  34:main.c        ****                 case 4:
  35:main.c        ****                     LED_Red_Write(0);
 133              		.loc 1 35 0
 134 005a 0020     		movs	r0, #0
 135 005c FFF7FEFF 		bl	LED_Red_Write
ARM GAS  C:\Users\STUDENT\AppData\Local\Temp\ccX9HRE7.s 			page 4


 136              	.LVL15:
  36:main.c        ****                     LED_Blue_Write(0);
 137              		.loc 1 36 0
 138 0060 0020     		movs	r0, #0
 139 0062 FFF7FEFF 		bl	LED_Blue_Write
 140              	.LVL16:
  37:main.c        ****                     break;
 141              		.loc 1 37 0
 142 0066 19E0     		b	.L5
 143              	.L11:
  38:main.c        ****                 case 5:
  39:main.c        ****                     LED_Red_Write(0);
 144              		.loc 1 39 0
 145 0068 0020     		movs	r0, #0
 146 006a FFF7FEFF 		bl	LED_Red_Write
 147              	.LVL17:
  40:main.c        ****                     LED_Green_Write(0);
 148              		.loc 1 40 0
 149 006e 0020     		movs	r0, #0
 150 0070 FFF7FEFF 		bl	LED_Green_Write
 151              	.LVL18:
  41:main.c        ****                     break;
 152              		.loc 1 41 0
 153 0074 12E0     		b	.L5
 154              	.L12:
  42:main.c        ****                 case 6:
  43:main.c        ****                     LED_Red_Write(0);
 155              		.loc 1 43 0
 156 0076 0020     		movs	r0, #0
 157 0078 FFF7FEFF 		bl	LED_Red_Write
 158              	.LVL19:
  44:main.c        ****                     LED_Green_Write(0);
 159              		.loc 1 44 0
 160 007c 0020     		movs	r0, #0
 161 007e FFF7FEFF 		bl	LED_Green_Write
 162              	.LVL20:
  45:main.c        ****                     LED_Blue_Write(0);
 163              		.loc 1 45 0
 164 0082 0020     		movs	r0, #0
 165 0084 FFF7FEFF 		bl	LED_Blue_Write
 166              	.LVL21:
  46:main.c        ****                     break;
 167              		.loc 1 46 0
 168 0088 08E0     		b	.L5
 169              	.L13:
  47:main.c        ****                     
  48:main.c        ****                  case 7: 
  49:main.c        ****                     LED_Green_Write(0);
 170              		.loc 1 49 0
 171 008a 0020     		movs	r0, #0
 172 008c FFF7FEFF 		bl	LED_Green_Write
 173              	.LVL22:
  50:main.c        ****                     LED_Blue_Write(0);
 174              		.loc 1 50 0
 175 0090 0020     		movs	r0, #0
 176 0092 FFF7FEFF 		bl	LED_Blue_Write
 177              	.LVL23:
ARM GAS  C:\Users\STUDENT\AppData\Local\Temp\ccX9HRE7.s 			page 5


  51:main.c        ****                     LED_Red_Write(1);
 178              		.loc 1 51 0
 179 0096 0120     		movs	r0, #1
 180 0098 FFF7FEFF 		bl	LED_Red_Write
 181              	.LVL24:
 182              	.L5:
  52:main.c        ****               break;
  53:main.c        ****                 case 0:
  54:main.c        ****                 default:
  55:main.c        ****                     break;
  56:main.c        ****                     
  57:main.c        ****                 
  58:main.c        ****             }
  59:main.c        ****             
  60:main.c        ****             CyDelay(50);
 183              		.loc 1 60 0
 184 009c 3220     		movs	r0, #50
 185 009e FFF7FEFF 		bl	CyDelay
 186              	.LVL25:
 187 00a2 B2E7     		b	.L3
 188              	.L16:
 189              		.align	2
 190              	.L15:
 191 00a4 00000000 		.word	.L7
 192              	.LBE2:
 193              		.cfi_endproc
 194              	.LFE32:
 195              		.size	main, .-main
 196              		.text
 197              	.Letext0:
 198              		.file 2 "Generated_Source\\PSoC4/Button.h"
 199              		.file 3 "Generated_Source\\PSoC4/LED_Red.h"
 200              		.file 4 "Generated_Source\\PSoC4/LED_Green.h"
 201              		.file 5 "Generated_Source\\PSoC4/LED_Blue.h"
 202              		.file 6 "Generated_Source\\PSoC4/CyLib.h"
 203              		.file 7 "Generated_Source\\PSoC4/cytypes.h"
 204              		.section	.debug_info,"",%progbits
 205              	.Ldebug_info0:
 206 0000 68020000 		.4byte	0x268
 207 0004 0400     		.2byte	0x4
 208 0006 00000000 		.4byte	.Ldebug_abbrev0
 209 000a 04       		.byte	0x4
 210 000b 01       		.uleb128 0x1
 211 000c D9000000 		.4byte	.LASF22
 212 0010 0C       		.byte	0xc
 213 0011 A1000000 		.4byte	.LASF23
 214 0015 AA010000 		.4byte	.LASF24
 215 0019 00000000 		.4byte	.Ldebug_ranges0+0
 216 001d 00000000 		.4byte	0
 217 0021 00000000 		.4byte	.Ldebug_line0
 218 0025 02       		.uleb128 0x2
 219 0026 01       		.byte	0x1
 220 0027 06       		.byte	0x6
 221 0028 7A010000 		.4byte	.LASF0
 222 002c 02       		.uleb128 0x2
 223 002d 01       		.byte	0x1
 224 002e 08       		.byte	0x8
ARM GAS  C:\Users\STUDENT\AppData\Local\Temp\ccX9HRE7.s 			page 6


 225 002f 81000000 		.4byte	.LASF1
 226 0033 02       		.uleb128 0x2
 227 0034 02       		.byte	0x2
 228 0035 05       		.byte	0x5
 229 0036 A0010000 		.4byte	.LASF2
 230 003a 02       		.uleb128 0x2
 231 003b 02       		.byte	0x2
 232 003c 07       		.byte	0x7
 233 003d 67010000 		.4byte	.LASF3
 234 0041 02       		.uleb128 0x2
 235 0042 04       		.byte	0x4
 236 0043 05       		.byte	0x5
 237 0044 A8000000 		.4byte	.LASF4
 238 0048 02       		.uleb128 0x2
 239 0049 04       		.byte	0x4
 240 004a 07       		.byte	0x7
 241 004b B1000000 		.4byte	.LASF5
 242 004f 02       		.uleb128 0x2
 243 0050 08       		.byte	0x8
 244 0051 05       		.byte	0x5
 245 0052 00000000 		.4byte	.LASF6
 246 0056 02       		.uleb128 0x2
 247 0057 08       		.byte	0x8
 248 0058 07       		.byte	0x7
 249 0059 4F000000 		.4byte	.LASF7
 250 005d 03       		.uleb128 0x3
 251 005e 04       		.byte	0x4
 252 005f 05       		.byte	0x5
 253 0060 696E7400 		.ascii	"int\000"
 254 0064 02       		.uleb128 0x2
 255 0065 04       		.byte	0x4
 256 0066 07       		.byte	0x7
 257 0067 0E000000 		.4byte	.LASF8
 258 006b 04       		.uleb128 0x4
 259 006c 34000000 		.4byte	.LASF25
 260 0070 07       		.byte	0x7
 261 0071 FB01     		.2byte	0x1fb
 262 0073 2C000000 		.4byte	0x2c
 263 0077 02       		.uleb128 0x2
 264 0078 04       		.byte	0x4
 265 0079 04       		.byte	0x4
 266 007a 66000000 		.4byte	.LASF9
 267 007e 02       		.uleb128 0x2
 268 007f 08       		.byte	0x8
 269 0080 04       		.byte	0x4
 270 0081 C3000000 		.4byte	.LASF10
 271 0085 02       		.uleb128 0x2
 272 0086 01       		.byte	0x1
 273 0087 08       		.byte	0x8
 274 0088 7C000000 		.4byte	.LASF11
 275 008c 02       		.uleb128 0x2
 276 008d 04       		.byte	0x4
 277 008e 07       		.byte	0x7
 278 008f FE010000 		.4byte	.LASF12
 279 0093 02       		.uleb128 0x2
 280 0094 08       		.byte	0x8
 281 0095 04       		.byte	0x4
ARM GAS  C:\Users\STUDENT\AppData\Local\Temp\ccX9HRE7.s 			page 7


 282 0096 94010000 		.4byte	.LASF13
 283 009a 05       		.uleb128 0x5
 284 009b 27000000 		.4byte	.LASF26
 285 009f 01       		.byte	0x1
 286 00a0 03       		.byte	0x3
 287 00a1 5D000000 		.4byte	0x5d
 288 00a5 00000000 		.4byte	.LFB32
 289 00a9 A8000000 		.4byte	.LFE32-.LFB32
 290 00ad 01       		.uleb128 0x1
 291 00ae 9C       		.byte	0x9c
 292 00af 34020000 		.4byte	0x234
 293 00b3 06       		.uleb128 0x6
 294 00b4 1B000000 		.4byte	.LASF14
 295 00b8 01       		.byte	0x1
 296 00b9 07       		.byte	0x7
 297 00ba 6B000000 		.4byte	0x6b
 298 00be 00000000 		.4byte	.LLST0
 299 00c2 06       		.uleb128 0x6
 300 00c3 8F000000 		.4byte	.LASF15
 301 00c7 01       		.byte	0x1
 302 00c8 08       		.byte	0x8
 303 00c9 6B000000 		.4byte	0x6b
 304 00cd 2A000000 		.4byte	.LLST1
 305 00d1 07       		.uleb128 0x7
 306 00d2 0C000000 		.4byte	.LBB2
 307 00d6 9C000000 		.4byte	.LBE2-.LBB2
 308 00da 06       		.uleb128 0x6
 309 00db 3A000000 		.4byte	.LASF16
 310 00df 01       		.byte	0x1
 311 00e0 0C       		.byte	0xc
 312 00e1 6B000000 		.4byte	0x6b
 313 00e5 49000000 		.4byte	.LLST2
 314 00e9 08       		.uleb128 0x8
 315 00ea 10000000 		.4byte	.LVL3
 316 00ee 34020000 		.4byte	0x234
 317 00f2 09       		.uleb128 0x9
 318 00f3 2A000000 		.4byte	.LVL9
 319 00f7 3F020000 		.4byte	0x23f
 320 00fb 05010000 		.4byte	0x105
 321 00ff 0A       		.uleb128 0xa
 322 0100 01       		.uleb128 0x1
 323 0101 50       		.byte	0x50
 324 0102 01       		.uleb128 0x1
 325 0103 31       		.byte	0x31
 326 0104 00       		.byte	0
 327 0105 09       		.uleb128 0x9
 328 0106 30000000 		.4byte	.LVL10
 329 010a 4A020000 		.4byte	0x24a
 330 010e 18010000 		.4byte	0x118
 331 0112 0A       		.uleb128 0xa
 332 0113 01       		.uleb128 0x1
 333 0114 50       		.byte	0x50
 334 0115 01       		.uleb128 0x1
 335 0116 31       		.byte	0x31
 336 0117 00       		.byte	0
 337 0118 09       		.uleb128 0x9
 338 0119 36000000 		.4byte	.LVL11
ARM GAS  C:\Users\STUDENT\AppData\Local\Temp\ccX9HRE7.s 			page 8


 339 011d 55020000 		.4byte	0x255
 340 0121 2B010000 		.4byte	0x12b
 341 0125 0A       		.uleb128 0xa
 342 0126 01       		.uleb128 0x1
 343 0127 50       		.byte	0x50
 344 0128 01       		.uleb128 0x1
 345 0129 31       		.byte	0x31
 346 012a 00       		.byte	0
 347 012b 09       		.uleb128 0x9
 348 012c 48000000 		.4byte	.LVL12
 349 0130 3F020000 		.4byte	0x23f
 350 0134 3E010000 		.4byte	0x13e
 351 0138 0A       		.uleb128 0xa
 352 0139 01       		.uleb128 0x1
 353 013a 50       		.byte	0x50
 354 013b 01       		.uleb128 0x1
 355 013c 30       		.byte	0x30
 356 013d 00       		.byte	0
 357 013e 09       		.uleb128 0x9
 358 013f 50000000 		.4byte	.LVL13
 359 0143 4A020000 		.4byte	0x24a
 360 0147 51010000 		.4byte	0x151
 361 014b 0A       		.uleb128 0xa
 362 014c 01       		.uleb128 0x1
 363 014d 50       		.byte	0x50
 364 014e 01       		.uleb128 0x1
 365 014f 30       		.byte	0x30
 366 0150 00       		.byte	0
 367 0151 09       		.uleb128 0x9
 368 0152 58000000 		.4byte	.LVL14
 369 0156 55020000 		.4byte	0x255
 370 015a 64010000 		.4byte	0x164
 371 015e 0A       		.uleb128 0xa
 372 015f 01       		.uleb128 0x1
 373 0160 50       		.byte	0x50
 374 0161 01       		.uleb128 0x1
 375 0162 30       		.byte	0x30
 376 0163 00       		.byte	0
 377 0164 09       		.uleb128 0x9
 378 0165 60000000 		.4byte	.LVL15
 379 0169 3F020000 		.4byte	0x23f
 380 016d 77010000 		.4byte	0x177
 381 0171 0A       		.uleb128 0xa
 382 0172 01       		.uleb128 0x1
 383 0173 50       		.byte	0x50
 384 0174 01       		.uleb128 0x1
 385 0175 30       		.byte	0x30
 386 0176 00       		.byte	0
 387 0177 09       		.uleb128 0x9
 388 0178 66000000 		.4byte	.LVL16
 389 017c 55020000 		.4byte	0x255
 390 0180 8A010000 		.4byte	0x18a
 391 0184 0A       		.uleb128 0xa
 392 0185 01       		.uleb128 0x1
 393 0186 50       		.byte	0x50
 394 0187 01       		.uleb128 0x1
 395 0188 30       		.byte	0x30
ARM GAS  C:\Users\STUDENT\AppData\Local\Temp\ccX9HRE7.s 			page 9


 396 0189 00       		.byte	0
 397 018a 09       		.uleb128 0x9
 398 018b 6E000000 		.4byte	.LVL17
 399 018f 3F020000 		.4byte	0x23f
 400 0193 9D010000 		.4byte	0x19d
 401 0197 0A       		.uleb128 0xa
 402 0198 01       		.uleb128 0x1
 403 0199 50       		.byte	0x50
 404 019a 01       		.uleb128 0x1
 405 019b 30       		.byte	0x30
 406 019c 00       		.byte	0
 407 019d 09       		.uleb128 0x9
 408 019e 74000000 		.4byte	.LVL18
 409 01a2 4A020000 		.4byte	0x24a
 410 01a6 B0010000 		.4byte	0x1b0
 411 01aa 0A       		.uleb128 0xa
 412 01ab 01       		.uleb128 0x1
 413 01ac 50       		.byte	0x50
 414 01ad 01       		.uleb128 0x1
 415 01ae 30       		.byte	0x30
 416 01af 00       		.byte	0
 417 01b0 09       		.uleb128 0x9
 418 01b1 7C000000 		.4byte	.LVL19
 419 01b5 3F020000 		.4byte	0x23f
 420 01b9 C3010000 		.4byte	0x1c3
 421 01bd 0A       		.uleb128 0xa
 422 01be 01       		.uleb128 0x1
 423 01bf 50       		.byte	0x50
 424 01c0 01       		.uleb128 0x1
 425 01c1 30       		.byte	0x30
 426 01c2 00       		.byte	0
 427 01c3 09       		.uleb128 0x9
 428 01c4 82000000 		.4byte	.LVL20
 429 01c8 4A020000 		.4byte	0x24a
 430 01cc D6010000 		.4byte	0x1d6
 431 01d0 0A       		.uleb128 0xa
 432 01d1 01       		.uleb128 0x1
 433 01d2 50       		.byte	0x50
 434 01d3 01       		.uleb128 0x1
 435 01d4 30       		.byte	0x30
 436 01d5 00       		.byte	0
 437 01d6 09       		.uleb128 0x9
 438 01d7 88000000 		.4byte	.LVL21
 439 01db 55020000 		.4byte	0x255
 440 01df E9010000 		.4byte	0x1e9
 441 01e3 0A       		.uleb128 0xa
 442 01e4 01       		.uleb128 0x1
 443 01e5 50       		.byte	0x50
 444 01e6 01       		.uleb128 0x1
 445 01e7 30       		.byte	0x30
 446 01e8 00       		.byte	0
 447 01e9 09       		.uleb128 0x9
 448 01ea 90000000 		.4byte	.LVL22
 449 01ee 4A020000 		.4byte	0x24a
 450 01f2 FC010000 		.4byte	0x1fc
 451 01f6 0A       		.uleb128 0xa
 452 01f7 01       		.uleb128 0x1
ARM GAS  C:\Users\STUDENT\AppData\Local\Temp\ccX9HRE7.s 			page 10


 453 01f8 50       		.byte	0x50
 454 01f9 01       		.uleb128 0x1
 455 01fa 30       		.byte	0x30
 456 01fb 00       		.byte	0
 457 01fc 09       		.uleb128 0x9
 458 01fd 96000000 		.4byte	.LVL23
 459 0201 55020000 		.4byte	0x255
 460 0205 0F020000 		.4byte	0x20f
 461 0209 0A       		.uleb128 0xa
 462 020a 01       		.uleb128 0x1
 463 020b 50       		.byte	0x50
 464 020c 01       		.uleb128 0x1
 465 020d 30       		.byte	0x30
 466 020e 00       		.byte	0
 467 020f 09       		.uleb128 0x9
 468 0210 9C000000 		.4byte	.LVL24
 469 0214 3F020000 		.4byte	0x23f
 470 0218 22020000 		.4byte	0x222
 471 021c 0A       		.uleb128 0xa
 472 021d 01       		.uleb128 0x1
 473 021e 50       		.byte	0x50
 474 021f 01       		.uleb128 0x1
 475 0220 31       		.byte	0x31
 476 0221 00       		.byte	0
 477 0222 0B       		.uleb128 0xb
 478 0223 A2000000 		.4byte	.LVL25
 479 0227 60020000 		.4byte	0x260
 480 022b 0A       		.uleb128 0xa
 481 022c 01       		.uleb128 0x1
 482 022d 50       		.byte	0x50
 483 022e 02       		.uleb128 0x2
 484 022f 08       		.byte	0x8
 485 0230 32       		.byte	0x32
 486 0231 00       		.byte	0
 487 0232 00       		.byte	0
 488 0233 00       		.byte	0
 489 0234 0C       		.uleb128 0xc
 490 0235 F2010000 		.4byte	.LASF17
 491 0239 F2010000 		.4byte	.LASF17
 492 023d 02       		.byte	0x2
 493 023e 32       		.byte	0x32
 494 023f 0C       		.uleb128 0xc
 495 0240 86010000 		.4byte	.LASF18
 496 0244 86010000 		.4byte	.LASF18
 497 0248 03       		.byte	0x3
 498 0249 33       		.byte	0x33
 499 024a 0C       		.uleb128 0xc
 500 024b 6C000000 		.4byte	.LASF19
 501 024f 6C000000 		.4byte	.LASF19
 502 0253 04       		.byte	0x4
 503 0254 33       		.byte	0x33
 504 0255 0C       		.uleb128 0xc
 505 0256 CA000000 		.4byte	.LASF20
 506 025a CA000000 		.4byte	.LASF20
 507 025e 05       		.byte	0x5
 508 025f 33       		.byte	0x33
 509 0260 0C       		.uleb128 0xc
ARM GAS  C:\Users\STUDENT\AppData\Local\Temp\ccX9HRE7.s 			page 11


 510 0261 2C000000 		.4byte	.LASF21
 511 0265 2C000000 		.4byte	.LASF21
 512 0269 06       		.byte	0x6
 513 026a EC       		.byte	0xec
 514 026b 00       		.byte	0
 515              		.section	.debug_abbrev,"",%progbits
 516              	.Ldebug_abbrev0:
 517 0000 01       		.uleb128 0x1
 518 0001 11       		.uleb128 0x11
 519 0002 01       		.byte	0x1
 520 0003 25       		.uleb128 0x25
 521 0004 0E       		.uleb128 0xe
 522 0005 13       		.uleb128 0x13
 523 0006 0B       		.uleb128 0xb
 524 0007 03       		.uleb128 0x3
 525 0008 0E       		.uleb128 0xe
 526 0009 1B       		.uleb128 0x1b
 527 000a 0E       		.uleb128 0xe
 528 000b 55       		.uleb128 0x55
 529 000c 17       		.uleb128 0x17
 530 000d 11       		.uleb128 0x11
 531 000e 01       		.uleb128 0x1
 532 000f 10       		.uleb128 0x10
 533 0010 17       		.uleb128 0x17
 534 0011 00       		.byte	0
 535 0012 00       		.byte	0
 536 0013 02       		.uleb128 0x2
 537 0014 24       		.uleb128 0x24
 538 0015 00       		.byte	0
 539 0016 0B       		.uleb128 0xb
 540 0017 0B       		.uleb128 0xb
 541 0018 3E       		.uleb128 0x3e
 542 0019 0B       		.uleb128 0xb
 543 001a 03       		.uleb128 0x3
 544 001b 0E       		.uleb128 0xe
 545 001c 00       		.byte	0
 546 001d 00       		.byte	0
 547 001e 03       		.uleb128 0x3
 548 001f 24       		.uleb128 0x24
 549 0020 00       		.byte	0
 550 0021 0B       		.uleb128 0xb
 551 0022 0B       		.uleb128 0xb
 552 0023 3E       		.uleb128 0x3e
 553 0024 0B       		.uleb128 0xb
 554 0025 03       		.uleb128 0x3
 555 0026 08       		.uleb128 0x8
 556 0027 00       		.byte	0
 557 0028 00       		.byte	0
 558 0029 04       		.uleb128 0x4
 559 002a 16       		.uleb128 0x16
 560 002b 00       		.byte	0
 561 002c 03       		.uleb128 0x3
 562 002d 0E       		.uleb128 0xe
 563 002e 3A       		.uleb128 0x3a
 564 002f 0B       		.uleb128 0xb
 565 0030 3B       		.uleb128 0x3b
 566 0031 05       		.uleb128 0x5
ARM GAS  C:\Users\STUDENT\AppData\Local\Temp\ccX9HRE7.s 			page 12


 567 0032 49       		.uleb128 0x49
 568 0033 13       		.uleb128 0x13
 569 0034 00       		.byte	0
 570 0035 00       		.byte	0
 571 0036 05       		.uleb128 0x5
 572 0037 2E       		.uleb128 0x2e
 573 0038 01       		.byte	0x1
 574 0039 3F       		.uleb128 0x3f
 575 003a 19       		.uleb128 0x19
 576 003b 03       		.uleb128 0x3
 577 003c 0E       		.uleb128 0xe
 578 003d 3A       		.uleb128 0x3a
 579 003e 0B       		.uleb128 0xb
 580 003f 3B       		.uleb128 0x3b
 581 0040 0B       		.uleb128 0xb
 582 0041 27       		.uleb128 0x27
 583 0042 19       		.uleb128 0x19
 584 0043 49       		.uleb128 0x49
 585 0044 13       		.uleb128 0x13
 586 0045 8701     		.uleb128 0x87
 587 0047 19       		.uleb128 0x19
 588 0048 11       		.uleb128 0x11
 589 0049 01       		.uleb128 0x1
 590 004a 12       		.uleb128 0x12
 591 004b 06       		.uleb128 0x6
 592 004c 40       		.uleb128 0x40
 593 004d 18       		.uleb128 0x18
 594 004e 9742     		.uleb128 0x2117
 595 0050 19       		.uleb128 0x19
 596 0051 01       		.uleb128 0x1
 597 0052 13       		.uleb128 0x13
 598 0053 00       		.byte	0
 599 0054 00       		.byte	0
 600 0055 06       		.uleb128 0x6
 601 0056 34       		.uleb128 0x34
 602 0057 00       		.byte	0
 603 0058 03       		.uleb128 0x3
 604 0059 0E       		.uleb128 0xe
 605 005a 3A       		.uleb128 0x3a
 606 005b 0B       		.uleb128 0xb
 607 005c 3B       		.uleb128 0x3b
 608 005d 0B       		.uleb128 0xb
 609 005e 49       		.uleb128 0x49
 610 005f 13       		.uleb128 0x13
 611 0060 02       		.uleb128 0x2
 612 0061 17       		.uleb128 0x17
 613 0062 00       		.byte	0
 614 0063 00       		.byte	0
 615 0064 07       		.uleb128 0x7
 616 0065 0B       		.uleb128 0xb
 617 0066 01       		.byte	0x1
 618 0067 11       		.uleb128 0x11
 619 0068 01       		.uleb128 0x1
 620 0069 12       		.uleb128 0x12
 621 006a 06       		.uleb128 0x6
 622 006b 00       		.byte	0
 623 006c 00       		.byte	0
ARM GAS  C:\Users\STUDENT\AppData\Local\Temp\ccX9HRE7.s 			page 13


 624 006d 08       		.uleb128 0x8
 625 006e 898201   		.uleb128 0x4109
 626 0071 00       		.byte	0
 627 0072 11       		.uleb128 0x11
 628 0073 01       		.uleb128 0x1
 629 0074 31       		.uleb128 0x31
 630 0075 13       		.uleb128 0x13
 631 0076 00       		.byte	0
 632 0077 00       		.byte	0
 633 0078 09       		.uleb128 0x9
 634 0079 898201   		.uleb128 0x4109
 635 007c 01       		.byte	0x1
 636 007d 11       		.uleb128 0x11
 637 007e 01       		.uleb128 0x1
 638 007f 31       		.uleb128 0x31
 639 0080 13       		.uleb128 0x13
 640 0081 01       		.uleb128 0x1
 641 0082 13       		.uleb128 0x13
 642 0083 00       		.byte	0
 643 0084 00       		.byte	0
 644 0085 0A       		.uleb128 0xa
 645 0086 8A8201   		.uleb128 0x410a
 646 0089 00       		.byte	0
 647 008a 02       		.uleb128 0x2
 648 008b 18       		.uleb128 0x18
 649 008c 9142     		.uleb128 0x2111
 650 008e 18       		.uleb128 0x18
 651 008f 00       		.byte	0
 652 0090 00       		.byte	0
 653 0091 0B       		.uleb128 0xb
 654 0092 898201   		.uleb128 0x4109
 655 0095 01       		.byte	0x1
 656 0096 11       		.uleb128 0x11
 657 0097 01       		.uleb128 0x1
 658 0098 31       		.uleb128 0x31
 659 0099 13       		.uleb128 0x13
 660 009a 00       		.byte	0
 661 009b 00       		.byte	0
 662 009c 0C       		.uleb128 0xc
 663 009d 2E       		.uleb128 0x2e
 664 009e 00       		.byte	0
 665 009f 3F       		.uleb128 0x3f
 666 00a0 19       		.uleb128 0x19
 667 00a1 3C       		.uleb128 0x3c
 668 00a2 19       		.uleb128 0x19
 669 00a3 6E       		.uleb128 0x6e
 670 00a4 0E       		.uleb128 0xe
 671 00a5 03       		.uleb128 0x3
 672 00a6 0E       		.uleb128 0xe
 673 00a7 3A       		.uleb128 0x3a
 674 00a8 0B       		.uleb128 0xb
 675 00a9 3B       		.uleb128 0x3b
 676 00aa 0B       		.uleb128 0xb
 677 00ab 00       		.byte	0
 678 00ac 00       		.byte	0
 679 00ad 00       		.byte	0
 680              		.section	.debug_loc,"",%progbits
ARM GAS  C:\Users\STUDENT\AppData\Local\Temp\ccX9HRE7.s 			page 14


 681              	.Ldebug_loc0:
 682              	.LLST0:
 683 0000 04000000 		.4byte	.LVL0
 684 0004 0A000000 		.4byte	.LVL1
 685 0008 0200     		.2byte	0x2
 686 000a 30       		.byte	0x30
 687 000b 9F       		.byte	0x9f
 688 000c 0A000000 		.4byte	.LVL1
 689 0010 1C000000 		.4byte	.LVL5
 690 0014 0100     		.2byte	0x1
 691 0016 56       		.byte	0x56
 692 0017 1E000000 		.4byte	.LVL6
 693 001b A8000000 		.4byte	.LFE32
 694 001f 0100     		.2byte	0x1
 695 0021 56       		.byte	0x56
 696 0022 00000000 		.4byte	0
 697 0026 00000000 		.4byte	0
 698              	.LLST1:
 699 002a 04000000 		.4byte	.LVL0
 700 002e 0A000000 		.4byte	.LVL1
 701 0032 0200     		.2byte	0x2
 702 0034 31       		.byte	0x31
 703 0035 9F       		.byte	0x9f
 704 0036 0A000000 		.4byte	.LVL1
 705 003a A8000000 		.4byte	.LFE32
 706 003e 0100     		.2byte	0x1
 707 0040 55       		.byte	0x55
 708 0041 00000000 		.4byte	0
 709 0045 00000000 		.4byte	0
 710              	.LLST2:
 711 0049 12000000 		.4byte	.LVL4
 712 004d 26000000 		.4byte	.LVL8
 713 0051 0100     		.2byte	0x1
 714 0053 50       		.byte	0x50
 715 0054 00000000 		.4byte	0
 716 0058 00000000 		.4byte	0
 717              		.section	.debug_aranges,"",%progbits
 718 0000 1C000000 		.4byte	0x1c
 719 0004 0200     		.2byte	0x2
 720 0006 00000000 		.4byte	.Ldebug_info0
 721 000a 04       		.byte	0x4
 722 000b 00       		.byte	0
 723 000c 0000     		.2byte	0
 724 000e 0000     		.2byte	0
 725 0010 00000000 		.4byte	.LFB32
 726 0014 A8000000 		.4byte	.LFE32-.LFB32
 727 0018 00000000 		.4byte	0
 728 001c 00000000 		.4byte	0
 729              		.section	.debug_ranges,"",%progbits
 730              	.Ldebug_ranges0:
 731 0000 00000000 		.4byte	.LFB32
 732 0004 A8000000 		.4byte	.LFE32
 733 0008 00000000 		.4byte	0
 734 000c 00000000 		.4byte	0
 735              		.section	.debug_line,"",%progbits
 736              	.Ldebug_line0:
 737 0000 BD000000 		.section	.debug_str,"MS",%progbits,1
ARM GAS  C:\Users\STUDENT\AppData\Local\Temp\ccX9HRE7.s 			page 15


 737      02008200 
 737      00000201 
 737      FB0E0D00 
 737      01010101 
 738              	.LASF6:
 739 0000 6C6F6E67 		.ascii	"long long int\000"
 739      206C6F6E 
 739      6720696E 
 739      7400
 740              	.LASF8:
 741 000e 756E7369 		.ascii	"unsigned int\000"
 741      676E6564 
 741      20696E74 
 741      00
 742              	.LASF14:
 743 001b 636F6C6F 		.ascii	"color_state\000"
 743      725F7374 
 743      61746500 
 744              	.LASF26:
 745 0027 6D61696E 		.ascii	"main\000"
 745      00
 746              	.LASF21:
 747 002c 43794465 		.ascii	"CyDelay\000"
 747      6C617900 
 748              	.LASF25:
 749 0034 75696E74 		.ascii	"uint8\000"
 749      3800
 750              	.LASF16:
 751 003a 63757272 		.ascii	"current_button_state\000"
 751      656E745F 
 751      62757474 
 751      6F6E5F73 
 751      74617465 
 752              	.LASF7:
 753 004f 6C6F6E67 		.ascii	"long long unsigned int\000"
 753      206C6F6E 
 753      6720756E 
 753      7369676E 
 753      65642069 
 754              	.LASF9:
 755 0066 666C6F61 		.ascii	"float\000"
 755      7400
 756              	.LASF19:
 757 006c 4C45445F 		.ascii	"LED_Green_Write\000"
 757      47726565 
 757      6E5F5772 
 757      69746500 
 758              	.LASF11:
 759 007c 63686172 		.ascii	"char\000"
 759      00
 760              	.LASF1:
 761 0081 756E7369 		.ascii	"unsigned char\000"
 761      676E6564 
 761      20636861 
 761      7200
 762              	.LASF15:
 763 008f 6C617374 		.ascii	"last_button_state\000"
ARM GAS  C:\Users\STUDENT\AppData\Local\Temp\ccX9HRE7.s 			page 16


 763      5F627574 
 763      746F6E5F 
 763      73746174 
 763      6500
 764              	.LASF23:
 765 00a1 6D61696E 		.ascii	"main.c\000"
 765      2E6300
 766              	.LASF4:
 767 00a8 6C6F6E67 		.ascii	"long int\000"
 767      20696E74 
 767      00
 768              	.LASF5:
 769 00b1 6C6F6E67 		.ascii	"long unsigned int\000"
 769      20756E73 
 769      69676E65 
 769      6420696E 
 769      7400
 770              	.LASF10:
 771 00c3 646F7562 		.ascii	"double\000"
 771      6C6500
 772              	.LASF20:
 773 00ca 4C45445F 		.ascii	"LED_Blue_Write\000"
 773      426C7565 
 773      5F577269 
 773      746500
 774              	.LASF22:
 775 00d9 474E5520 		.ascii	"GNU C11 5.4.1 20160609 (release) [ARM/embedded-5-br"
 775      43313120 
 775      352E342E 
 775      31203230 
 775      31363036 
 776 010c 616E6368 		.ascii	"anch revision 237715] -mcpu=cortex-m0 -mthumb -g -O"
 776      20726576 
 776      6973696F 
 776      6E203233 
 776      37373135 
 777 013f 67202D66 		.ascii	"g -ffunction-sections -ffat-lto-objects\000"
 777      66756E63 
 777      74696F6E 
 777      2D736563 
 777      74696F6E 
 778              	.LASF3:
 779 0167 73686F72 		.ascii	"short unsigned int\000"
 779      7420756E 
 779      7369676E 
 779      65642069 
 779      6E7400
 780              	.LASF0:
 781 017a 7369676E 		.ascii	"signed char\000"
 781      65642063 
 781      68617200 
 782              	.LASF18:
 783 0186 4C45445F 		.ascii	"LED_Red_Write\000"
 783      5265645F 
 783      57726974 
 783      6500
 784              	.LASF13:
ARM GAS  C:\Users\STUDENT\AppData\Local\Temp\ccX9HRE7.s 			page 17


 785 0194 6C6F6E67 		.ascii	"long double\000"
 785      20646F75 
 785      626C6500 
 786              	.LASF2:
 787 01a0 73686F72 		.ascii	"short int\000"
 787      7420696E 
 787      7400
 788              	.LASF24:
 789 01aa 433A5C55 		.ascii	"C:\\Users\\STUDENT\\Documents\\PSoC Creator\\Lab1\\"
 789      73657273 
 789      5C535455 
 789      44454E54 
 789      5C446F63 
 790 01d7 5461736B 		.ascii	"Task2_Led_SwitchCase.cydsn\000"
 790      325F4C65 
 790      645F5377 
 790      69746368 
 790      43617365 
 791              	.LASF17:
 792 01f2 42757474 		.ascii	"Button_Read\000"
 792      6F6E5F52 
 792      65616400 
 793              	.LASF12:
 794 01fe 73697A65 		.ascii	"sizetype\000"
 794      74797065 
 794      00
 795              		.ident	"GCC: (GNU Tools for ARM Embedded Processors) 5.4.1 20160609 (release) [ARM/embedded-5-bran
