ARM GAS  C:\Users\STUDENT\AppData\Local\Temp\ccSSBPbb.s 			page 1


   1              		.syntax unified
   2              		.cpu cortex-m0
   3              		.fpu softvfp
   4              		.eabi_attribute 20, 1
   5              		.eabi_attribute 21, 1
   6              		.eabi_attribute 23, 3
   7              		.eabi_attribute 24, 1
   8              		.eabi_attribute 25, 1
   9              		.eabi_attribute 26, 1
  10              		.eabi_attribute 30, 4
  11              		.eabi_attribute 34, 0
  12              		.eabi_attribute 18, 4
  13              		.thumb
  14              		.syntax unified
  15              		.file	"cyfitter_cfg.c"
  16              		.text
  17              	.Ltext0:
  18              		.cfi_sections	.debug_frame
  19              		.section	.psocinit,"ax",%progbits
  20              		.align	1
  21              		.global	cyfitter_cfg
  22              		.code	16
  23              		.thumb_func
  24              		.type	cyfitter_cfg, %function
  25              	cyfitter_cfg:
  26              	.LFB5:
  27              		.file 1 "Generated_Source\\PSoC4\\cyfitter_cfg.c"
   1:Generated_Source\PSoC4/cyfitter_cfg.c **** 
   2:Generated_Source\PSoC4/cyfitter_cfg.c **** /*******************************************************************************
   3:Generated_Source\PSoC4/cyfitter_cfg.c **** * File Name: cyfitter_cfg.c
   4:Generated_Source\PSoC4/cyfitter_cfg.c **** * 
   5:Generated_Source\PSoC4/cyfitter_cfg.c **** * PSoC Creator  4.4
   6:Generated_Source\PSoC4/cyfitter_cfg.c **** *
   7:Generated_Source\PSoC4/cyfitter_cfg.c **** * Description:
   8:Generated_Source\PSoC4/cyfitter_cfg.c **** * This file contains device initialization code.
   9:Generated_Source\PSoC4/cyfitter_cfg.c **** * Except for the user defined sections in CyClockStartupError(), this file should not be modified.
  10:Generated_Source\PSoC4/cyfitter_cfg.c **** * This file is automatically generated by PSoC Creator.
  11:Generated_Source\PSoC4/cyfitter_cfg.c **** *
  12:Generated_Source\PSoC4/cyfitter_cfg.c **** ********************************************************************************
  13:Generated_Source\PSoC4/cyfitter_cfg.c **** * Copyright (c) 2007-2020 Cypress Semiconductor.  All rights reserved.
  14:Generated_Source\PSoC4/cyfitter_cfg.c **** * You may use this file only in accordance with the license, terms, conditions, 
  15:Generated_Source\PSoC4/cyfitter_cfg.c **** * disclaimers, and limitations in the end user license agreement accompanying 
  16:Generated_Source\PSoC4/cyfitter_cfg.c **** * the software package with which this file was provided.
  17:Generated_Source\PSoC4/cyfitter_cfg.c **** ********************************************************************************/
  18:Generated_Source\PSoC4/cyfitter_cfg.c **** 
  19:Generated_Source\PSoC4/cyfitter_cfg.c **** #include <string.h>
  20:Generated_Source\PSoC4/cyfitter_cfg.c **** #include "cytypes.h"
  21:Generated_Source\PSoC4/cyfitter_cfg.c **** #include "cydevice_trm.h"
  22:Generated_Source\PSoC4/cyfitter_cfg.c **** #include "cyfitter.h"
  23:Generated_Source\PSoC4/cyfitter_cfg.c **** #include "CyLib.h"
  24:Generated_Source\PSoC4/cyfitter_cfg.c **** #include "CyLFClk.h"
  25:Generated_Source\PSoC4/cyfitter_cfg.c **** #include "cyfitter_cfg.h"
  26:Generated_Source\PSoC4/cyfitter_cfg.c **** #include "cyapicallbacks.h"
  27:Generated_Source\PSoC4/cyfitter_cfg.c **** 
  28:Generated_Source\PSoC4/cyfitter_cfg.c **** 
  29:Generated_Source\PSoC4/cyfitter_cfg.c **** #if defined(__GNUC__) || defined(__ARMCC_VERSION)
  30:Generated_Source\PSoC4/cyfitter_cfg.c ****     #define CYPACKED 
ARM GAS  C:\Users\STUDENT\AppData\Local\Temp\ccSSBPbb.s 			page 2


  31:Generated_Source\PSoC4/cyfitter_cfg.c ****     #define CYPACKED_ATTR __attribute__ ((packed))
  32:Generated_Source\PSoC4/cyfitter_cfg.c ****     #define CYALIGNED __attribute__ ((aligned))
  33:Generated_Source\PSoC4/cyfitter_cfg.c ****     #define CY_CFG_UNUSED __attribute__ ((unused))
  34:Generated_Source\PSoC4/cyfitter_cfg.c ****     #ifndef CY_CFG_SECTION
  35:Generated_Source\PSoC4/cyfitter_cfg.c ****         #define CY_CFG_SECTION __attribute__ ((section(".psocinit")))
  36:Generated_Source\PSoC4/cyfitter_cfg.c ****     #endif
  37:Generated_Source\PSoC4/cyfitter_cfg.c ****     
  38:Generated_Source\PSoC4/cyfitter_cfg.c ****     #if defined(__ARMCC_VERSION)
  39:Generated_Source\PSoC4/cyfitter_cfg.c ****         #define CY_CFG_MEMORY_BARRIER() __memory_changed()
  40:Generated_Source\PSoC4/cyfitter_cfg.c ****     #else
  41:Generated_Source\PSoC4/cyfitter_cfg.c ****         #define CY_CFG_MEMORY_BARRIER() __sync_synchronize()
  42:Generated_Source\PSoC4/cyfitter_cfg.c ****     #endif
  43:Generated_Source\PSoC4/cyfitter_cfg.c ****     
  44:Generated_Source\PSoC4/cyfitter_cfg.c **** #elif defined(__ICCARM__)
  45:Generated_Source\PSoC4/cyfitter_cfg.c ****     #include <intrinsics.h>
  46:Generated_Source\PSoC4/cyfitter_cfg.c **** 
  47:Generated_Source\PSoC4/cyfitter_cfg.c ****     #define CYPACKED __packed
  48:Generated_Source\PSoC4/cyfitter_cfg.c ****     #define CYPACKED_ATTR 
  49:Generated_Source\PSoC4/cyfitter_cfg.c ****     #define CYALIGNED _Pragma("data_alignment=4")
  50:Generated_Source\PSoC4/cyfitter_cfg.c ****     #define CY_CFG_UNUSED _Pragma("diag_suppress=Pe177")
  51:Generated_Source\PSoC4/cyfitter_cfg.c ****     #define CY_CFG_SECTION _Pragma("location=\".psocinit\"")
  52:Generated_Source\PSoC4/cyfitter_cfg.c ****     
  53:Generated_Source\PSoC4/cyfitter_cfg.c ****     #define CY_CFG_MEMORY_BARRIER() __DMB()
  54:Generated_Source\PSoC4/cyfitter_cfg.c ****     
  55:Generated_Source\PSoC4/cyfitter_cfg.c **** #else
  56:Generated_Source\PSoC4/cyfitter_cfg.c ****     #error Unsupported toolchain
  57:Generated_Source\PSoC4/cyfitter_cfg.c **** #endif
  58:Generated_Source\PSoC4/cyfitter_cfg.c **** 
  59:Generated_Source\PSoC4/cyfitter_cfg.c **** #ifndef CYCODE
  60:Generated_Source\PSoC4/cyfitter_cfg.c ****     #define CYCODE
  61:Generated_Source\PSoC4/cyfitter_cfg.c **** #endif
  62:Generated_Source\PSoC4/cyfitter_cfg.c **** #ifndef CYDATA
  63:Generated_Source\PSoC4/cyfitter_cfg.c ****     #define CYDATA
  64:Generated_Source\PSoC4/cyfitter_cfg.c **** #endif
  65:Generated_Source\PSoC4/cyfitter_cfg.c **** #ifndef CYFAR
  66:Generated_Source\PSoC4/cyfitter_cfg.c ****     #define CYFAR
  67:Generated_Source\PSoC4/cyfitter_cfg.c **** #endif
  68:Generated_Source\PSoC4/cyfitter_cfg.c **** #ifndef CYXDATA
  69:Generated_Source\PSoC4/cyfitter_cfg.c ****     #define CYXDATA
  70:Generated_Source\PSoC4/cyfitter_cfg.c **** #endif
  71:Generated_Source\PSoC4/cyfitter_cfg.c **** 
  72:Generated_Source\PSoC4/cyfitter_cfg.c **** 
  73:Generated_Source\PSoC4/cyfitter_cfg.c **** CY_CFG_UNUSED
  74:Generated_Source\PSoC4/cyfitter_cfg.c **** static void CYMEMZERO(void *s, size_t n);
  75:Generated_Source\PSoC4/cyfitter_cfg.c **** CY_CFG_UNUSED
  76:Generated_Source\PSoC4/cyfitter_cfg.c **** static void CYMEMZERO(void *s, size_t n)
  77:Generated_Source\PSoC4/cyfitter_cfg.c **** {
  78:Generated_Source\PSoC4/cyfitter_cfg.c **** 	(void)memset(s, 0, n);
  79:Generated_Source\PSoC4/cyfitter_cfg.c **** }
  80:Generated_Source\PSoC4/cyfitter_cfg.c **** CY_CFG_UNUSED
  81:Generated_Source\PSoC4/cyfitter_cfg.c **** static void CYCONFIGCPY(void *dest, const void *src, size_t n);
  82:Generated_Source\PSoC4/cyfitter_cfg.c **** CY_CFG_UNUSED
  83:Generated_Source\PSoC4/cyfitter_cfg.c **** static void CYCONFIGCPY(void *dest, const void *src, size_t n)
  84:Generated_Source\PSoC4/cyfitter_cfg.c **** {
  85:Generated_Source\PSoC4/cyfitter_cfg.c **** 	(void)memcpy(dest, src, n);
  86:Generated_Source\PSoC4/cyfitter_cfg.c **** }
  87:Generated_Source\PSoC4/cyfitter_cfg.c **** CY_CFG_UNUSED
ARM GAS  C:\Users\STUDENT\AppData\Local\Temp\ccSSBPbb.s 			page 3


  88:Generated_Source\PSoC4/cyfitter_cfg.c **** static void CYCONFIGCPYCODE(void *dest, const void *src, size_t n);
  89:Generated_Source\PSoC4/cyfitter_cfg.c **** CY_CFG_UNUSED
  90:Generated_Source\PSoC4/cyfitter_cfg.c **** static void CYCONFIGCPYCODE(void *dest, const void *src, size_t n)
  91:Generated_Source\PSoC4/cyfitter_cfg.c **** {
  92:Generated_Source\PSoC4/cyfitter_cfg.c **** 	(void)memcpy(dest, src, n);
  93:Generated_Source\PSoC4/cyfitter_cfg.c **** }
  94:Generated_Source\PSoC4/cyfitter_cfg.c **** 
  95:Generated_Source\PSoC4/cyfitter_cfg.c **** 
  96:Generated_Source\PSoC4/cyfitter_cfg.c **** 
  97:Generated_Source\PSoC4/cyfitter_cfg.c **** 
  98:Generated_Source\PSoC4/cyfitter_cfg.c **** /* Clock startup error codes                                                   */
  99:Generated_Source\PSoC4/cyfitter_cfg.c **** #define CYCLOCKSTART_NO_ERROR    0u
 100:Generated_Source\PSoC4/cyfitter_cfg.c **** #define CYCLOCKSTART_XTAL_ERROR  1u
 101:Generated_Source\PSoC4/cyfitter_cfg.c **** #define CYCLOCKSTART_32KHZ_ERROR 2u
 102:Generated_Source\PSoC4/cyfitter_cfg.c **** #define CYCLOCKSTART_PLL_ERROR   3u
 103:Generated_Source\PSoC4/cyfitter_cfg.c **** #define CYCLOCKSTART_FLL_ERROR   4u
 104:Generated_Source\PSoC4/cyfitter_cfg.c **** #define CYCLOCKSTART_WCO_ERROR   5u
 105:Generated_Source\PSoC4/cyfitter_cfg.c **** 
 106:Generated_Source\PSoC4/cyfitter_cfg.c **** 
 107:Generated_Source\PSoC4/cyfitter_cfg.c **** #ifdef CY_NEED_CYCLOCKSTARTUPERROR
 108:Generated_Source\PSoC4/cyfitter_cfg.c **** /*******************************************************************************
 109:Generated_Source\PSoC4/cyfitter_cfg.c **** * Function Name: CyClockStartupError
 110:Generated_Source\PSoC4/cyfitter_cfg.c **** ********************************************************************************
 111:Generated_Source\PSoC4/cyfitter_cfg.c **** * Summary:
 112:Generated_Source\PSoC4/cyfitter_cfg.c **** *  If an error is encountered during clock configuration (crystal startup error,
 113:Generated_Source\PSoC4/cyfitter_cfg.c **** *  PLL lock error, etc.), the system will end up here.  Unless reimplemented by
 114:Generated_Source\PSoC4/cyfitter_cfg.c **** *  the customer, this function will stop in an infinite loop.
 115:Generated_Source\PSoC4/cyfitter_cfg.c **** *
 116:Generated_Source\PSoC4/cyfitter_cfg.c **** * Parameters:
 117:Generated_Source\PSoC4/cyfitter_cfg.c **** *   void
 118:Generated_Source\PSoC4/cyfitter_cfg.c **** *
 119:Generated_Source\PSoC4/cyfitter_cfg.c **** * Return:
 120:Generated_Source\PSoC4/cyfitter_cfg.c **** *   void
 121:Generated_Source\PSoC4/cyfitter_cfg.c **** *
 122:Generated_Source\PSoC4/cyfitter_cfg.c **** *******************************************************************************/
 123:Generated_Source\PSoC4/cyfitter_cfg.c **** CY_CFG_UNUSED
 124:Generated_Source\PSoC4/cyfitter_cfg.c **** static void CyClockStartupError(uint8 errorCode);
 125:Generated_Source\PSoC4/cyfitter_cfg.c **** CY_CFG_UNUSED
 126:Generated_Source\PSoC4/cyfitter_cfg.c **** static void CyClockStartupError(uint8 errorCode)
 127:Generated_Source\PSoC4/cyfitter_cfg.c **** {
 128:Generated_Source\PSoC4/cyfitter_cfg.c ****     /* To remove the compiler warning if errorCode not used.                */
 129:Generated_Source\PSoC4/cyfitter_cfg.c ****     errorCode = errorCode;
 130:Generated_Source\PSoC4/cyfitter_cfg.c **** 
 131:Generated_Source\PSoC4/cyfitter_cfg.c ****     /* If we have a clock startup error (bad MHz crystal, PLL lock, etc.),  */
 132:Generated_Source\PSoC4/cyfitter_cfg.c ****     /* we will end up here to allow the customer to implement something to  */
 133:Generated_Source\PSoC4/cyfitter_cfg.c ****     /* deal with the clock condition.                                       */
 134:Generated_Source\PSoC4/cyfitter_cfg.c **** 
 135:Generated_Source\PSoC4/cyfitter_cfg.c **** #ifdef CY_CFG_CLOCK_STARTUP_ERROR_CALLBACK
 136:Generated_Source\PSoC4/cyfitter_cfg.c ****     CY_CFG_Clock_Startup_ErrorCallback();
 137:Generated_Source\PSoC4/cyfitter_cfg.c **** #else
 138:Generated_Source\PSoC4/cyfitter_cfg.c ****     /*  If not using CY_CFG_CLOCK_STARTUP_ERROR_CALLBACK, place your clock startup code here. */
 139:Generated_Source\PSoC4/cyfitter_cfg.c ****     /* `#START CyClockStartupError` */
 140:Generated_Source\PSoC4/cyfitter_cfg.c **** 
 141:Generated_Source\PSoC4/cyfitter_cfg.c **** 
 142:Generated_Source\PSoC4/cyfitter_cfg.c **** 
 143:Generated_Source\PSoC4/cyfitter_cfg.c ****     /* `#END` */
 144:Generated_Source\PSoC4/cyfitter_cfg.c **** 
ARM GAS  C:\Users\STUDENT\AppData\Local\Temp\ccSSBPbb.s 			page 4


 145:Generated_Source\PSoC4/cyfitter_cfg.c ****     while(1) {}
 146:Generated_Source\PSoC4/cyfitter_cfg.c **** #endif /* CY_CFG_CLOCK_STARTUP_ERROR_CALLBACK */
 147:Generated_Source\PSoC4/cyfitter_cfg.c **** }
 148:Generated_Source\PSoC4/cyfitter_cfg.c **** #endif
 149:Generated_Source\PSoC4/cyfitter_cfg.c **** 
 150:Generated_Source\PSoC4/cyfitter_cfg.c **** 
 151:Generated_Source\PSoC4/cyfitter_cfg.c **** 
 152:Generated_Source\PSoC4/cyfitter_cfg.c **** /*******************************************************************************
 153:Generated_Source\PSoC4/cyfitter_cfg.c **** * Function Name: ClockSetup
 154:Generated_Source\PSoC4/cyfitter_cfg.c **** ********************************************************************************
 155:Generated_Source\PSoC4/cyfitter_cfg.c **** *
 156:Generated_Source\PSoC4/cyfitter_cfg.c **** * Summary:
 157:Generated_Source\PSoC4/cyfitter_cfg.c **** *   Performs the initialization of all of the clocks in the device based on the
 158:Generated_Source\PSoC4/cyfitter_cfg.c **** *   settings in the Clock tab of the DWR.  This includes enabling the requested
 159:Generated_Source\PSoC4/cyfitter_cfg.c **** *   clocks and setting the necessary dividers to produce the desired frequency. 
 160:Generated_Source\PSoC4/cyfitter_cfg.c **** *
 161:Generated_Source\PSoC4/cyfitter_cfg.c **** * Parameters:
 162:Generated_Source\PSoC4/cyfitter_cfg.c **** *   void
 163:Generated_Source\PSoC4/cyfitter_cfg.c **** *
 164:Generated_Source\PSoC4/cyfitter_cfg.c **** * Return:
 165:Generated_Source\PSoC4/cyfitter_cfg.c **** *   void
 166:Generated_Source\PSoC4/cyfitter_cfg.c **** *
 167:Generated_Source\PSoC4/cyfitter_cfg.c **** *******************************************************************************/
 168:Generated_Source\PSoC4/cyfitter_cfg.c **** static void ClockSetup(void);
 169:Generated_Source\PSoC4/cyfitter_cfg.c **** CY_CFG_SECTION
 170:Generated_Source\PSoC4/cyfitter_cfg.c **** static void ClockSetup(void)
 171:Generated_Source\PSoC4/cyfitter_cfg.c **** {
 172:Generated_Source\PSoC4/cyfitter_cfg.c **** 	/* Enable HALF_EN before trimming for the flash accelerator. */
 173:Generated_Source\PSoC4/cyfitter_cfg.c **** 	CY_SET_REG32((void CYXDATA *)(CYREG_CLK_SELECT), (CY_GET_REG32((void *)CYREG_CLK_SELECT) | 0x00040
 174:Generated_Source\PSoC4/cyfitter_cfg.c **** 
 175:Generated_Source\PSoC4/cyfitter_cfg.c **** 	/* Setup and trim IMO based on desired frequency. */
 176:Generated_Source\PSoC4/cyfitter_cfg.c **** 	CySysClkWriteImoFreq(24u);
 177:Generated_Source\PSoC4/cyfitter_cfg.c **** 
 178:Generated_Source\PSoC4/cyfitter_cfg.c **** 	/* Disable HALF_EN since it is not required at this IMO frequency. */
 179:Generated_Source\PSoC4/cyfitter_cfg.c **** 	CY_SET_REG32((void CYXDATA *)(CYREG_CLK_SELECT), (CY_GET_REG32((void *)CYREG_CLK_SELECT) & 0xFFFBF
 180:Generated_Source\PSoC4/cyfitter_cfg.c **** 	/* CYDEV_CLK_ILO_CONFIG Starting address: CYDEV_CLK_ILO_CONFIG */
 181:Generated_Source\PSoC4/cyfitter_cfg.c **** 	CY_SET_REG32((void *)(CYREG_CLK_ILO_CONFIG), 0x80000006u);
 182:Generated_Source\PSoC4/cyfitter_cfg.c **** 
 183:Generated_Source\PSoC4/cyfitter_cfg.c **** 
 184:Generated_Source\PSoC4/cyfitter_cfg.c **** 	/* CYDEV_CLK_IMO_CONFIG Starting address: CYDEV_CLK_IMO_CONFIG */
 185:Generated_Source\PSoC4/cyfitter_cfg.c **** 	CY_SET_REG32((void *)(CYREG_CLK_IMO_CONFIG), 0x80000000u);
 186:Generated_Source\PSoC4/cyfitter_cfg.c **** 
 187:Generated_Source\PSoC4/cyfitter_cfg.c **** 	/* CYDEV_CLK_SELECT Starting address: CYDEV_CLK_SELECT */
 188:Generated_Source\PSoC4/cyfitter_cfg.c **** 	CY_SET_REG32((void *)(CYREG_CLK_SELECT), 0x00000000u);
 189:Generated_Source\PSoC4/cyfitter_cfg.c **** 
 190:Generated_Source\PSoC4/cyfitter_cfg.c **** 	(void)CyIntSetVector(9u, &CySysWdtIsr);
 191:Generated_Source\PSoC4/cyfitter_cfg.c **** 	CyIntEnable(9u);
 192:Generated_Source\PSoC4/cyfitter_cfg.c **** 	CY_SET_REG32((void *)(CYREG_WDT_CONFIG), 0x00000000u);
 193:Generated_Source\PSoC4/cyfitter_cfg.c **** }
 194:Generated_Source\PSoC4/cyfitter_cfg.c **** 
 195:Generated_Source\PSoC4/cyfitter_cfg.c **** 
 196:Generated_Source\PSoC4/cyfitter_cfg.c **** /* Analog API Functions */
 197:Generated_Source\PSoC4/cyfitter_cfg.c **** 
 198:Generated_Source\PSoC4/cyfitter_cfg.c **** 
 199:Generated_Source\PSoC4/cyfitter_cfg.c **** /*******************************************************************************
 200:Generated_Source\PSoC4/cyfitter_cfg.c **** * Function Name: AnalogSetDefault
 201:Generated_Source\PSoC4/cyfitter_cfg.c **** ********************************************************************************
ARM GAS  C:\Users\STUDENT\AppData\Local\Temp\ccSSBPbb.s 			page 5


 202:Generated_Source\PSoC4/cyfitter_cfg.c **** *
 203:Generated_Source\PSoC4/cyfitter_cfg.c **** * Summary:
 204:Generated_Source\PSoC4/cyfitter_cfg.c **** *  Sets up the analog portions of the chip to default values based on chip
 205:Generated_Source\PSoC4/cyfitter_cfg.c **** *  configuration options from the project.
 206:Generated_Source\PSoC4/cyfitter_cfg.c **** *
 207:Generated_Source\PSoC4/cyfitter_cfg.c **** * Parameters:
 208:Generated_Source\PSoC4/cyfitter_cfg.c **** *  void
 209:Generated_Source\PSoC4/cyfitter_cfg.c **** *
 210:Generated_Source\PSoC4/cyfitter_cfg.c **** * Return:
 211:Generated_Source\PSoC4/cyfitter_cfg.c **** *  void
 212:Generated_Source\PSoC4/cyfitter_cfg.c **** *
 213:Generated_Source\PSoC4/cyfitter_cfg.c **** *******************************************************************************/
 214:Generated_Source\PSoC4/cyfitter_cfg.c **** static void AnalogSetDefault(void);
 215:Generated_Source\PSoC4/cyfitter_cfg.c **** static void AnalogSetDefault(void)
 216:Generated_Source\PSoC4/cyfitter_cfg.c **** {
 217:Generated_Source\PSoC4/cyfitter_cfg.c **** }
 218:Generated_Source\PSoC4/cyfitter_cfg.c **** 
 219:Generated_Source\PSoC4/cyfitter_cfg.c **** 
 220:Generated_Source\PSoC4/cyfitter_cfg.c **** 
 221:Generated_Source\PSoC4/cyfitter_cfg.c **** 
 222:Generated_Source\PSoC4/cyfitter_cfg.c **** /*******************************************************************************
 223:Generated_Source\PSoC4/cyfitter_cfg.c **** * Function Name: cyfitter_cfg
 224:Generated_Source\PSoC4/cyfitter_cfg.c **** ********************************************************************************
 225:Generated_Source\PSoC4/cyfitter_cfg.c **** * Summary:
 226:Generated_Source\PSoC4/cyfitter_cfg.c **** *  This function is called by the start-up code for the selected device. It
 227:Generated_Source\PSoC4/cyfitter_cfg.c **** *  performs all of the necessary device configuration based on the design
 228:Generated_Source\PSoC4/cyfitter_cfg.c **** *  settings.  This includes settings from the Design Wide Resources (DWR) such
 229:Generated_Source\PSoC4/cyfitter_cfg.c **** *  as Clocks and Pins as well as any component configuration that is necessary.
 230:Generated_Source\PSoC4/cyfitter_cfg.c **** *
 231:Generated_Source\PSoC4/cyfitter_cfg.c **** * Parameters:
 232:Generated_Source\PSoC4/cyfitter_cfg.c **** *   void
 233:Generated_Source\PSoC4/cyfitter_cfg.c **** *
 234:Generated_Source\PSoC4/cyfitter_cfg.c **** * Return:
 235:Generated_Source\PSoC4/cyfitter_cfg.c **** *   void
 236:Generated_Source\PSoC4/cyfitter_cfg.c **** *
 237:Generated_Source\PSoC4/cyfitter_cfg.c **** *******************************************************************************/
 238:Generated_Source\PSoC4/cyfitter_cfg.c **** CY_CFG_SECTION
 239:Generated_Source\PSoC4/cyfitter_cfg.c **** void cyfitter_cfg(void)
 240:Generated_Source\PSoC4/cyfitter_cfg.c **** {
  28              		.loc 1 240 0
  29              		.cfi_startproc
  30              		@ args = 0, pretend = 0, frame = 0
  31              		@ frame_needed = 0, uses_anonymous_args = 0
  32 0000 70B5     		push	{r4, r5, r6, lr}
  33              		.cfi_def_cfa_offset 16
  34              		.cfi_offset 4, -16
  35              		.cfi_offset 5, -12
  36              		.cfi_offset 6, -8
  37              		.cfi_offset 14, -4
 241:Generated_Source\PSoC4/cyfitter_cfg.c **** 	/* Disable interrupts by default. Let user enable if/when they want. */
 242:Generated_Source\PSoC4/cyfitter_cfg.c **** 	CyGlobalIntDisable;
  38              		.loc 1 242 0
  39              		.syntax divided
  40              	@ 242 "Generated_Source\PSoC4\cyfitter_cfg.c" 1
  41 0002 72B6     		CPSID   i
  42              	@ 0 "" 2
  43              	.LVL0:
ARM GAS  C:\Users\STUDENT\AppData\Local\Temp\ccSSBPbb.s 			page 6


  44              		.thumb
  45              		.syntax unified
  46              	.LBB12:
  47              	.LBB13:
  48              	.LBB14:
  49              	.LBB15:
  78:Generated_Source\PSoC4/cyfitter_cfg.c **** }
  50              		.loc 1 78 0
  51 0004 8024     		movs	r4, #128
  52 0006 E400     		lsls	r4, r4, #3
  53 0008 2200     		movs	r2, r4
  54 000a 0021     		movs	r1, #0
  55 000c 2648     		ldr	r0, .L2
  56 000e FFF7FEFF 		bl	memset
  57              	.LVL1:
  58 0012 2200     		movs	r2, r4
  59 0014 0021     		movs	r1, #0
  60 0016 2548     		ldr	r0, .L2+4
  61 0018 FFF7FEFF 		bl	memset
  62              	.LVL2:
  63              	.LBE15:
  64              	.LBE14:
  65              	.LBE13:
 243:Generated_Source\PSoC4/cyfitter_cfg.c **** 
 244:Generated_Source\PSoC4/cyfitter_cfg.c **** 	{
 245:Generated_Source\PSoC4/cyfitter_cfg.c **** 
 246:Generated_Source\PSoC4/cyfitter_cfg.c **** 		CYPACKED typedef struct {
 247:Generated_Source\PSoC4/cyfitter_cfg.c **** 			void CYFAR *address;
 248:Generated_Source\PSoC4/cyfitter_cfg.c **** 			uint16 size;
 249:Generated_Source\PSoC4/cyfitter_cfg.c **** 		} CYPACKED_ATTR cfg_memset_t;
 250:Generated_Source\PSoC4/cyfitter_cfg.c **** 
 251:Generated_Source\PSoC4/cyfitter_cfg.c **** 		static const cfg_memset_t CYCODE cfg_memset_list[] = {
 252:Generated_Source\PSoC4/cyfitter_cfg.c **** 			/* address, size */
 253:Generated_Source\PSoC4/cyfitter_cfg.c **** 			{(void CYFAR *)(CYDEV_UDB_P0_U0_BASE), 1024u},
 254:Generated_Source\PSoC4/cyfitter_cfg.c **** 			{(void CYFAR *)(CYDEV_UDB_DSI0_BASE), 1024u},
 255:Generated_Source\PSoC4/cyfitter_cfg.c **** 		};
 256:Generated_Source\PSoC4/cyfitter_cfg.c **** 
 257:Generated_Source\PSoC4/cyfitter_cfg.c **** 		uint8 CYDATA i;
 258:Generated_Source\PSoC4/cyfitter_cfg.c **** 
 259:Generated_Source\PSoC4/cyfitter_cfg.c **** 		/* Zero out critical memory blocks before beginning configuration */
 260:Generated_Source\PSoC4/cyfitter_cfg.c **** 		for (i = 0u; i < (sizeof(cfg_memset_list)/sizeof(cfg_memset_list[0])); i++)
 261:Generated_Source\PSoC4/cyfitter_cfg.c **** 		{
 262:Generated_Source\PSoC4/cyfitter_cfg.c **** 			const cfg_memset_t CYCODE * CYDATA ms = &cfg_memset_list[i];
 263:Generated_Source\PSoC4/cyfitter_cfg.c **** 			CYMEMZERO(ms->address, (size_t)(uint32)(ms->size));
 264:Generated_Source\PSoC4/cyfitter_cfg.c **** 		}
 265:Generated_Source\PSoC4/cyfitter_cfg.c **** 
 266:Generated_Source\PSoC4/cyfitter_cfg.c **** 		/* HSIOM Starting address: CYDEV_HSIOM_BASE */
 267:Generated_Source\PSoC4/cyfitter_cfg.c **** 		CY_SET_REG32((void *)(CYREG_HSIOM_PORT_SEL3), 0x0000EE00u);
  66              		.loc 1 267 0
  67 001c EE22     		movs	r2, #238
  68 001e 244B     		ldr	r3, .L2+8
  69 0020 1202     		lsls	r2, r2, #8
  70 0022 1A60     		str	r2, [r3]
 268:Generated_Source\PSoC4/cyfitter_cfg.c **** 
 269:Generated_Source\PSoC4/cyfitter_cfg.c **** 		/* UDB_PA_0 Starting address: CYDEV_UDB_PA0_BASE */
 270:Generated_Source\PSoC4/cyfitter_cfg.c **** 		CY_SET_REG32((void *)(CYDEV_UDB_PA0_BASE), 0x00990000u);
  71              		.loc 1 270 0
ARM GAS  C:\Users\STUDENT\AppData\Local\Temp\ccSSBPbb.s 			page 7


  72 0024 9923     		movs	r3, #153
 271:Generated_Source\PSoC4/cyfitter_cfg.c **** 
 272:Generated_Source\PSoC4/cyfitter_cfg.c **** 		/* UDB_PA_1 Starting address: CYDEV_UDB_PA1_BASE */
 273:Generated_Source\PSoC4/cyfitter_cfg.c **** 		CY_SET_REG32((void *)(CYDEV_UDB_PA1_BASE), 0x00990000u);
 274:Generated_Source\PSoC4/cyfitter_cfg.c **** 
 275:Generated_Source\PSoC4/cyfitter_cfg.c **** 		/* UDB_PA_2 Starting address: CYDEV_UDB_PA2_BASE */
 276:Generated_Source\PSoC4/cyfitter_cfg.c **** 		CY_SET_REG32((void *)(CYDEV_UDB_PA2_BASE), 0x00990000u);
 277:Generated_Source\PSoC4/cyfitter_cfg.c **** 
 278:Generated_Source\PSoC4/cyfitter_cfg.c **** 		/* UDB_PA_3 Starting address: CYDEV_UDB_PA3_BASE */
 279:Generated_Source\PSoC4/cyfitter_cfg.c **** 		CY_SET_REG32((void *)(CYDEV_UDB_PA3_BASE), 0x00990000u);
 280:Generated_Source\PSoC4/cyfitter_cfg.c **** 
 281:Generated_Source\PSoC4/cyfitter_cfg.c **** 		/* Enable digital routing */
 282:Generated_Source\PSoC4/cyfitter_cfg.c **** 		CY_SET_XTND_REG8((void *)CYREG_UDB_UDBIF_BANK_CTL, (uint8)(CY_GET_XTND_REG8((void *)CYREG_UDB_UDB
  73              		.loc 1 282 0
  74 0026 0621     		movs	r1, #6
 270:Generated_Source\PSoC4/cyfitter_cfg.c **** 
  75              		.loc 1 270 0
  76 0028 224A     		ldr	r2, .L2+12
  77 002a 1B04     		lsls	r3, r3, #16
  78 002c 1360     		str	r3, [r2]
 273:Generated_Source\PSoC4/cyfitter_cfg.c **** 
  79              		.loc 1 273 0
  80 002e 224A     		ldr	r2, .L2+16
  81              	.LBE12:
  82              	.LBB16:
  83              	.LBB17:
 188:Generated_Source\PSoC4/cyfitter_cfg.c **** 
  84              		.loc 1 188 0
  85 0030 0025     		movs	r5, #0
  86              	.LBE17:
  87              	.LBE16:
  88              	.LBB21:
 273:Generated_Source\PSoC4/cyfitter_cfg.c **** 
  89              		.loc 1 273 0
  90 0032 1360     		str	r3, [r2]
 276:Generated_Source\PSoC4/cyfitter_cfg.c **** 
  91              		.loc 1 276 0
  92 0034 214A     		ldr	r2, .L2+20
  93              	.LBE21:
  94              	.LBB22:
  95              	.LBB18:
 173:Generated_Source\PSoC4/cyfitter_cfg.c **** 
  96              		.loc 1 173 0
  97 0036 224C     		ldr	r4, .L2+24
  98              	.LBE18:
  99              	.LBE22:
 100              	.LBB23:
 276:Generated_Source\PSoC4/cyfitter_cfg.c **** 
 101              		.loc 1 276 0
 102 0038 1360     		str	r3, [r2]
 279:Generated_Source\PSoC4/cyfitter_cfg.c **** 
 103              		.loc 1 279 0
 104 003a 224A     		ldr	r2, .L2+28
 105              	.LBE23:
 106              	.LBB24:
 107              	.LBB19:
 176:Generated_Source\PSoC4/cyfitter_cfg.c **** 
ARM GAS  C:\Users\STUDENT\AppData\Local\Temp\ccSSBPbb.s 			page 8


 108              		.loc 1 176 0
 109 003c 1820     		movs	r0, #24
 110              	.LBE19:
 111              	.LBE24:
 112              	.LBB25:
 279:Generated_Source\PSoC4/cyfitter_cfg.c **** 
 113              		.loc 1 279 0
 114 003e 1360     		str	r3, [r2]
 115              		.loc 1 282 0
 116 0040 214A     		ldr	r2, .L2+32
 117              	.LBE25:
 283:Generated_Source\PSoC4/cyfitter_cfg.c **** 	}
 284:Generated_Source\PSoC4/cyfitter_cfg.c **** 
 285:Generated_Source\PSoC4/cyfitter_cfg.c **** 	/* Perform second pass device configuration. These items must be configured in specific order afte
 286:Generated_Source\PSoC4/cyfitter_cfg.c **** 	/* IOPINS0_0 Starting address: CYDEV_PRT0_BASE */
 287:Generated_Source\PSoC4/cyfitter_cfg.c **** 	CY_SET_REG32((void *)(CYDEV_PRT0_BASE), 0x00000080u);
 288:Generated_Source\PSoC4/cyfitter_cfg.c **** 	CY_SET_REG32((void *)(CYREG_PRT0_PC), 0x00400D80u);
 289:Generated_Source\PSoC4/cyfitter_cfg.c **** 
 290:Generated_Source\PSoC4/cyfitter_cfg.c **** 	/* IOPINS0_1 Starting address: CYDEV_PRT1_BASE */
 291:Generated_Source\PSoC4/cyfitter_cfg.c **** 	CY_SET_REG32((void *)(CYREG_PRT1_PC), 0x00180000u);
 292:Generated_Source\PSoC4/cyfitter_cfg.c **** 
 293:Generated_Source\PSoC4/cyfitter_cfg.c **** 	/* IOPINS0_2 Starting address: CYDEV_PRT2_BASE */
 294:Generated_Source\PSoC4/cyfitter_cfg.c **** 	CY_SET_REG32((void *)(CYDEV_PRT2_BASE), 0x00000080u);
 295:Generated_Source\PSoC4/cyfitter_cfg.c **** 	CY_SET_REG32((void *)(CYREG_PRT2_PC), 0x00C00000u);
 296:Generated_Source\PSoC4/cyfitter_cfg.c **** 
 297:Generated_Source\PSoC4/cyfitter_cfg.c **** 	/* IOPINS0_3 Starting address: CYDEV_PRT3_BASE */
 298:Generated_Source\PSoC4/cyfitter_cfg.c **** 	CY_SET_REG32((void *)(CYREG_PRT3_PC), 0x00000D80u);
 299:Generated_Source\PSoC4/cyfitter_cfg.c **** 
 300:Generated_Source\PSoC4/cyfitter_cfg.c **** 
 301:Generated_Source\PSoC4/cyfitter_cfg.c **** 	/* Setup clocks based on selections from Clock DWR */
 302:Generated_Source\PSoC4/cyfitter_cfg.c **** 	ClockSetup();
 303:Generated_Source\PSoC4/cyfitter_cfg.c **** 
 304:Generated_Source\PSoC4/cyfitter_cfg.c **** 	/* Perform basic analog initialization to defaults */
 305:Generated_Source\PSoC4/cyfitter_cfg.c **** 	AnalogSetDefault();
 306:Generated_Source\PSoC4/cyfitter_cfg.c **** 
 307:Generated_Source\PSoC4/cyfitter_cfg.c **** }
 118              		.loc 1 307 0
 119              		@ sp needed
 120              	.LBB26:
 282:Generated_Source\PSoC4/cyfitter_cfg.c **** 	}
 121              		.loc 1 282 0
 122 0042 1378     		ldrb	r3, [r2]
 123 0044 0B43     		orrs	r3, r1
 124 0046 1370     		strb	r3, [r2]
 125              	.LBE26:
 287:Generated_Source\PSoC4/cyfitter_cfg.c **** 	CY_SET_REG32((void *)(CYREG_PRT0_PC), 0x00400D80u);
 126              		.loc 1 287 0
 127 0048 8023     		movs	r3, #128
 128 004a 204A     		ldr	r2, .L2+36
 288:Generated_Source\PSoC4/cyfitter_cfg.c **** 
 129              		.loc 1 288 0
 130 004c 2049     		ldr	r1, .L2+40
 287:Generated_Source\PSoC4/cyfitter_cfg.c **** 	CY_SET_REG32((void *)(CYREG_PRT0_PC), 0x00400D80u);
 131              		.loc 1 287 0
 132 004e 1360     		str	r3, [r2]
 288:Generated_Source\PSoC4/cyfitter_cfg.c **** 
 133              		.loc 1 288 0
ARM GAS  C:\Users\STUDENT\AppData\Local\Temp\ccSSBPbb.s 			page 9


 134 0050 204A     		ldr	r2, .L2+44
 135 0052 1160     		str	r1, [r2]
 291:Generated_Source\PSoC4/cyfitter_cfg.c **** 
 136              		.loc 1 291 0
 137 0054 C021     		movs	r1, #192
 138 0056 204A     		ldr	r2, .L2+48
 139 0058 4903     		lsls	r1, r1, #13
 140 005a 1160     		str	r1, [r2]
 294:Generated_Source\PSoC4/cyfitter_cfg.c **** 	CY_SET_REG32((void *)(CYREG_PRT2_PC), 0x00C00000u);
 141              		.loc 1 294 0
 142 005c 1F4A     		ldr	r2, .L2+52
 143 005e 1360     		str	r3, [r2]
 295:Generated_Source\PSoC4/cyfitter_cfg.c **** 
 144              		.loc 1 295 0
 145 0060 C022     		movs	r2, #192
 146 0062 1F4B     		ldr	r3, .L2+56
 147 0064 1204     		lsls	r2, r2, #16
 148 0066 1A60     		str	r2, [r3]
 298:Generated_Source\PSoC4/cyfitter_cfg.c **** 
 149              		.loc 1 298 0
 150 0068 D822     		movs	r2, #216
 151 006a 1E4B     		ldr	r3, .L2+60
 152 006c 1201     		lsls	r2, r2, #4
 153 006e 1A60     		str	r2, [r3]
 154              	.LBB27:
 155              	.LBB20:
 173:Generated_Source\PSoC4/cyfitter_cfg.c **** 
 156              		.loc 1 173 0
 157 0070 8022     		movs	r2, #128
 158 0072 2368     		ldr	r3, [r4]
 159 0074 D202     		lsls	r2, r2, #11
 160 0076 1343     		orrs	r3, r2
 161 0078 2360     		str	r3, [r4]
 176:Generated_Source\PSoC4/cyfitter_cfg.c **** 
 162              		.loc 1 176 0
 163 007a FFF7FEFF 		bl	CySysClkWriteImoFreq
 164              	.LVL3:
 179:Generated_Source\PSoC4/cyfitter_cfg.c **** 	/* CYDEV_CLK_ILO_CONFIG Starting address: CYDEV_CLK_ILO_CONFIG */
 165              		.loc 1 179 0
 166 007e 2268     		ldr	r2, [r4]
 167 0080 194B     		ldr	r3, .L2+64
 190:Generated_Source\PSoC4/cyfitter_cfg.c **** 	CyIntEnable(9u);
 168              		.loc 1 190 0
 169 0082 1A49     		ldr	r1, .L2+68
 179:Generated_Source\PSoC4/cyfitter_cfg.c **** 	/* CYDEV_CLK_ILO_CONFIG Starting address: CYDEV_CLK_ILO_CONFIG */
 170              		.loc 1 179 0
 171 0084 1340     		ands	r3, r2
 172 0086 2360     		str	r3, [r4]
 181:Generated_Source\PSoC4/cyfitter_cfg.c **** 
 173              		.loc 1 181 0
 174 0088 194A     		ldr	r2, .L2+72
 175 008a 1A4B     		ldr	r3, .L2+76
 190:Generated_Source\PSoC4/cyfitter_cfg.c **** 	CyIntEnable(9u);
 176              		.loc 1 190 0
 177 008c 0920     		movs	r0, #9
 181:Generated_Source\PSoC4/cyfitter_cfg.c **** 
 178              		.loc 1 181 0
ARM GAS  C:\Users\STUDENT\AppData\Local\Temp\ccSSBPbb.s 			page 10


 179 008e 1A60     		str	r2, [r3]
 185:Generated_Source\PSoC4/cyfitter_cfg.c **** 
 180              		.loc 1 185 0
 181 0090 194B     		ldr	r3, .L2+80
 182 0092 063A     		subs	r2, r2, #6
 183 0094 1A60     		str	r2, [r3]
 188:Generated_Source\PSoC4/cyfitter_cfg.c **** 
 184              		.loc 1 188 0
 185 0096 2560     		str	r5, [r4]
 190:Generated_Source\PSoC4/cyfitter_cfg.c **** 	CyIntEnable(9u);
 186              		.loc 1 190 0
 187 0098 FFF7FEFF 		bl	CyIntSetVector
 188              	.LVL4:
 191:Generated_Source\PSoC4/cyfitter_cfg.c **** 	CY_SET_REG32((void *)(CYREG_WDT_CONFIG), 0x00000000u);
 189              		.loc 1 191 0
 190 009c 0920     		movs	r0, #9
 191 009e FFF7FEFF 		bl	CyIntEnable
 192              	.LVL5:
 192:Generated_Source\PSoC4/cyfitter_cfg.c **** }
 193              		.loc 1 192 0
 194 00a2 164B     		ldr	r3, .L2+84
 195 00a4 1D60     		str	r5, [r3]
 196              	.LBE20:
 197              	.LBE27:
 198              		.loc 1 307 0
 199 00a6 70BD     		pop	{r4, r5, r6, pc}
 200              	.L3:
 201              		.align	2
 202              	.L2:
 203 00a8 00300F40 		.word	1074737152
 204 00ac 00400F40 		.word	1074741248
 205 00b0 0C000140 		.word	1073807372
 206 00b4 00500F40 		.word	1074745344
 207 00b8 10500F40 		.word	1074745360
 208 00bc 20500F40 		.word	1074745376
 209 00c0 00010B40 		.word	1074462976
 210 00c4 30500F40 		.word	1074745392
 211 00c8 00700F40 		.word	1074753536
 212 00cc 00000440 		.word	1074003968
 213 00d0 800D4000 		.word	4197760
 214 00d4 08000440 		.word	1074003976
 215 00d8 08010440 		.word	1074004232
 216 00dc 00020440 		.word	1074004480
 217 00e0 08020440 		.word	1074004488
 218 00e4 08030440 		.word	1074004744
 219 00e8 FFFFFBFF 		.word	-262145
 220 00ec 00000000 		.word	CySysWdtIsr
 221 00f0 06000080 		.word	-2147483642
 222 00f4 04010B40 		.word	1074462980
 223 00f8 08010B40 		.word	1074462984
 224 00fc 0C020B40 		.word	1074463244
 225              		.cfi_endproc
 226              	.LFE5:
 227              		.size	cyfitter_cfg, .-cyfitter_cfg
 228              		.text
 229              	.Letext0:
 230              		.file 2 "c:\\program files (x86)\\cypress\\psoc creator\\4.4\\psoc creator\\import\\gnu\\arm\\5.4.
ARM GAS  C:\Users\STUDENT\AppData\Local\Temp\ccSSBPbb.s 			page 11


 231              		.file 3 "Generated_Source\\PSoC4\\cytypes.h"
 232              		.file 4 "Generated_Source\\PSoC4\\CyLib.h"
 233              		.section	.debug_info,"",%progbits
 234              	.Ldebug_info0:
 235 0000 8B020000 		.4byte	0x28b
 236 0004 0400     		.2byte	0x4
 237 0006 00000000 		.4byte	.Ldebug_abbrev0
 238 000a 04       		.byte	0x4
 239 000b 01       		.uleb128 0x1
 240 000c CC010000 		.4byte	.LASF29
 241 0010 0C       		.byte	0xc
 242 0011 A6010000 		.4byte	.LASF30
 243 0015 5B000000 		.4byte	.LASF31
 244 0019 58000000 		.4byte	.Ldebug_ranges0+0x58
 245 001d 00000000 		.4byte	0
 246 0021 00000000 		.4byte	.Ldebug_line0
 247 0025 02       		.uleb128 0x2
 248 0026 04       		.byte	0x4
 249 0027 05       		.byte	0x5
 250 0028 696E7400 		.ascii	"int\000"
 251 002c 03       		.uleb128 0x3
 252 002d 06000000 		.4byte	.LASF12
 253 0031 02       		.byte	0x2
 254 0032 D8       		.byte	0xd8
 255 0033 37000000 		.4byte	0x37
 256 0037 04       		.uleb128 0x4
 257 0038 04       		.byte	0x4
 258 0039 07       		.byte	0x7
 259 003a 04010000 		.4byte	.LASF0
 260 003e 04       		.uleb128 0x4
 261 003f 08       		.byte	0x8
 262 0040 05       		.byte	0x5
 263 0041 53010000 		.4byte	.LASF1
 264 0045 04       		.uleb128 0x4
 265 0046 08       		.byte	0x8
 266 0047 04       		.byte	0x4
 267 0048 8E010000 		.4byte	.LASF2
 268 004c 04       		.uleb128 0x4
 269 004d 01       		.byte	0x1
 270 004e 06       		.byte	0x6
 271 004f 9A010000 		.4byte	.LASF3
 272 0053 04       		.uleb128 0x4
 273 0054 01       		.byte	0x1
 274 0055 08       		.byte	0x8
 275 0056 CE000000 		.4byte	.LASF4
 276 005a 04       		.uleb128 0x4
 277 005b 02       		.byte	0x2
 278 005c 05       		.byte	0x5
 279 005d 66010000 		.4byte	.LASF5
 280 0061 04       		.uleb128 0x4
 281 0062 02       		.byte	0x2
 282 0063 07       		.byte	0x7
 283 0064 48000000 		.4byte	.LASF6
 284 0068 04       		.uleb128 0x4
 285 0069 04       		.byte	0x4
 286 006a 05       		.byte	0x5
 287 006b 85010000 		.4byte	.LASF7
ARM GAS  C:\Users\STUDENT\AppData\Local\Temp\ccSSBPbb.s 			page 12


 288 006f 04       		.uleb128 0x4
 289 0070 04       		.byte	0x4
 290 0071 07       		.byte	0x7
 291 0072 AC000000 		.4byte	.LASF8
 292 0076 04       		.uleb128 0x4
 293 0077 08       		.byte	0x8
 294 0078 07       		.byte	0x7
 295 0079 26010000 		.4byte	.LASF9
 296 007d 04       		.uleb128 0x4
 297 007e 04       		.byte	0x4
 298 007f 07       		.byte	0x7
 299 0080 4A010000 		.4byte	.LASF10
 300 0084 05       		.uleb128 0x5
 301 0085 04       		.byte	0x4
 302 0086 04       		.uleb128 0x4
 303 0087 01       		.byte	0x1
 304 0088 08       		.byte	0x8
 305 0089 61010000 		.4byte	.LASF11
 306 008d 06       		.uleb128 0x6
 307 008e BE000000 		.4byte	.LASF13
 308 0092 03       		.byte	0x3
 309 0093 FC01     		.2byte	0x1fc
 310 0095 53000000 		.4byte	0x53
 311 0099 06       		.uleb128 0x6
 312 009a F6000000 		.4byte	.LASF14
 313 009e 03       		.byte	0x3
 314 009f FD01     		.2byte	0x1fd
 315 00a1 61000000 		.4byte	0x61
 316 00a5 06       		.uleb128 0x6
 317 00a6 FD000000 		.4byte	.LASF15
 318 00aa 03       		.byte	0x3
 319 00ab FE01     		.2byte	0x1fe
 320 00ad 6F000000 		.4byte	0x6f
 321 00b1 04       		.uleb128 0x4
 322 00b2 04       		.byte	0x4
 323 00b3 04       		.byte	0x4
 324 00b4 9C000000 		.4byte	.LASF16
 325 00b8 04       		.uleb128 0x4
 326 00b9 08       		.byte	0x8
 327 00ba 04       		.byte	0x4
 328 00bb E3000000 		.4byte	.LASF17
 329 00bf 06       		.uleb128 0x6
 330 00c0 A7000000 		.4byte	.LASF18
 331 00c4 03       		.byte	0x3
 332 00c5 A602     		.2byte	0x2a6
 333 00c7 CB000000 		.4byte	0xcb
 334 00cb 07       		.uleb128 0x7
 335 00cc 8D000000 		.4byte	0x8d
 336 00d0 06       		.uleb128 0x6
 337 00d1 00000000 		.4byte	.LASF19
 338 00d5 03       		.byte	0x3
 339 00d6 A802     		.2byte	0x2a8
 340 00d8 DC000000 		.4byte	0xdc
 341 00dc 07       		.uleb128 0x7
 342 00dd A5000000 		.4byte	0xa5
 343 00e1 08       		.uleb128 0x8
 344 00e2 0D000000 		.4byte	.LASF20
ARM GAS  C:\Users\STUDENT\AppData\Local\Temp\ccSSBPbb.s 			page 13


 345 00e6 01       		.byte	0x1
 346 00e7 D7       		.byte	0xd7
 347 00e8 01       		.byte	0x1
 348 00e9 09       		.uleb128 0x9
 349 00ea C4000000 		.4byte	.LASF32
 350 00ee 01       		.byte	0x1
 351 00ef 4C       		.byte	0x4c
 352 00f0 01       		.byte	0x1
 353 00f1 08010000 		.4byte	0x108
 354 00f5 0A       		.uleb128 0xa
 355 00f6 7300     		.ascii	"s\000"
 356 00f8 01       		.byte	0x1
 357 00f9 4C       		.byte	0x4c
 358 00fa 84000000 		.4byte	0x84
 359 00fe 0A       		.uleb128 0xa
 360 00ff 6E00     		.ascii	"n\000"
 361 0101 01       		.byte	0x1
 362 0102 4C       		.byte	0x4c
 363 0103 2C000000 		.4byte	0x2c
 364 0107 00       		.byte	0
 365 0108 08       		.uleb128 0x8
 366 0109 3D000000 		.4byte	.LASF21
 367 010d 01       		.byte	0x1
 368 010e AA       		.byte	0xaa
 369 010f 01       		.byte	0x1
 370 0110 0B       		.uleb128 0xb
 371 0111 11010000 		.4byte	.LASF33
 372 0115 01       		.byte	0x1
 373 0116 EF       		.byte	0xef
 374 0117 00000000 		.4byte	.LFB5
 375 011b 00010000 		.4byte	.LFE5-.LFB5
 376 011f 01       		.uleb128 0x1
 377 0120 9C       		.byte	0x9c
 378 0121 64020000 		.4byte	0x264
 379 0125 0C       		.uleb128 0xc
 380 0126 00000000 		.4byte	.Ldebug_ranges0+0
 381 012a 1D020000 		.4byte	0x21d
 382 012e 0D       		.uleb128 0xd
 383 012f 06       		.byte	0x6
 384 0130 01       		.byte	0x1
 385 0131 F6       		.byte	0xf6
 386 0132 4F010000 		.4byte	0x14f
 387 0136 0E       		.uleb128 0xe
 388 0137 1E010000 		.4byte	.LASF22
 389 013b 01       		.byte	0x1
 390 013c F7       		.byte	0xf7
 391 013d 84000000 		.4byte	0x84
 392 0141 00       		.byte	0
 393 0142 0E       		.uleb128 0xe
 394 0143 A2000000 		.4byte	.LASF23
 395 0147 01       		.byte	0x1
 396 0148 F8       		.byte	0xf8
 397 0149 99000000 		.4byte	0x99
 398 014d 04       		.byte	0x4
 399 014e 00       		.byte	0
 400 014f 03       		.uleb128 0x3
 401 0150 3D010000 		.4byte	.LASF24
ARM GAS  C:\Users\STUDENT\AppData\Local\Temp\ccSSBPbb.s 			page 14


 402 0154 01       		.byte	0x1
 403 0155 F9       		.byte	0xf9
 404 0156 2E010000 		.4byte	0x12e
 405 015a 0F       		.uleb128 0xf
 406 015b 6A010000 		.4byte	0x16a
 407 015f 6A010000 		.4byte	0x16a
 408 0163 10       		.uleb128 0x10
 409 0164 7D000000 		.4byte	0x7d
 410 0168 01       		.byte	0x1
 411 0169 00       		.byte	0
 412 016a 11       		.uleb128 0x11
 413 016b 4F010000 		.4byte	0x14f
 414 016f 12       		.uleb128 0x12
 415 0170 2D000000 		.4byte	.LASF25
 416 0174 01       		.byte	0x1
 417 0175 FB       		.byte	0xfb
 418 0176 87010000 		.4byte	0x187
 419 017a 0C       		.byte	0xc
 420 017b 00       		.byte	0
 421 017c 30       		.byte	0x30
 422 017d 0F       		.byte	0xf
 423 017e 40       		.byte	0x40
 424 017f 00       		.byte	0
 425 0180 04       		.byte	0x4
 426 0181 00       		.byte	0
 427 0182 40       		.byte	0x40
 428 0183 0F       		.byte	0xf
 429 0184 40       		.byte	0x40
 430 0185 00       		.byte	0
 431 0186 04       		.byte	0x4
 432 0187 11       		.uleb128 0x11
 433 0188 5A010000 		.4byte	0x15a
 434 018c 13       		.uleb128 0x13
 435 018d 6900     		.ascii	"i\000"
 436 018f 01       		.byte	0x1
 437 0190 0101     		.2byte	0x101
 438 0192 8D000000 		.4byte	0x8d
 439 0196 00000000 		.4byte	.LLST0
 440 019a 14       		.uleb128 0x14
 441 019b 04000000 		.4byte	.LBB13
 442 019f 18000000 		.4byte	.LBE13-.LBB13
 443 01a3 13       		.uleb128 0x13
 444 01a4 6D7300   		.ascii	"ms\000"
 445 01a7 01       		.byte	0x1
 446 01a8 0601     		.2byte	0x106
 447 01aa B2010000 		.4byte	0x1b2
 448 01ae 2C000000 		.4byte	.LLST1
 449 01b2 15       		.uleb128 0x15
 450 01b3 04       		.byte	0x4
 451 01b4 6A010000 		.4byte	0x16a
 452 01b8 16       		.uleb128 0x16
 453 01b9 E9000000 		.4byte	0xe9
 454 01bd 04000000 		.4byte	.LBB14
 455 01c1 18000000 		.4byte	.LBE14-.LBB14
 456 01c5 01       		.byte	0x1
 457 01c6 0701     		.2byte	0x107
 458 01c8 17       		.uleb128 0x17
ARM GAS  C:\Users\STUDENT\AppData\Local\Temp\ccSSBPbb.s 			page 15


 459 01c9 FE000000 		.4byte	0xfe
 460 01cd 54000000 		.4byte	.LLST2
 461 01d1 17       		.uleb128 0x17
 462 01d2 F5000000 		.4byte	0xf5
 463 01d6 6A000000 		.4byte	.LLST3
 464 01da 18       		.uleb128 0x18
 465 01db 12000000 		.4byte	.LVL1
 466 01df 64020000 		.4byte	0x264
 467 01e3 FC010000 		.4byte	0x1fc
 468 01e7 19       		.uleb128 0x19
 469 01e8 01       		.uleb128 0x1
 470 01e9 50       		.byte	0x50
 471 01ea 05       		.uleb128 0x5
 472 01eb 0C       		.byte	0xc
 473 01ec 00300F40 		.4byte	0x400f3000
 474 01f0 19       		.uleb128 0x19
 475 01f1 01       		.uleb128 0x1
 476 01f2 51       		.byte	0x51
 477 01f3 01       		.uleb128 0x1
 478 01f4 30       		.byte	0x30
 479 01f5 19       		.uleb128 0x19
 480 01f6 01       		.uleb128 0x1
 481 01f7 52       		.byte	0x52
 482 01f8 02       		.uleb128 0x2
 483 01f9 74       		.byte	0x74
 484 01fa 00       		.sleb128 0
 485 01fb 00       		.byte	0
 486 01fc 1A       		.uleb128 0x1a
 487 01fd 1C000000 		.4byte	.LVL2
 488 0201 64020000 		.4byte	0x264
 489 0205 19       		.uleb128 0x19
 490 0206 01       		.uleb128 0x1
 491 0207 50       		.byte	0x50
 492 0208 05       		.uleb128 0x5
 493 0209 0C       		.byte	0xc
 494 020a 00400F40 		.4byte	0x400f4000
 495 020e 19       		.uleb128 0x19
 496 020f 01       		.uleb128 0x1
 497 0210 51       		.byte	0x51
 498 0211 01       		.uleb128 0x1
 499 0212 30       		.byte	0x30
 500 0213 19       		.uleb128 0x19
 501 0214 01       		.uleb128 0x1
 502 0215 52       		.byte	0x52
 503 0216 02       		.uleb128 0x2
 504 0217 74       		.byte	0x74
 505 0218 00       		.sleb128 0
 506 0219 00       		.byte	0
 507 021a 00       		.byte	0
 508 021b 00       		.byte	0
 509 021c 00       		.byte	0
 510 021d 1B       		.uleb128 0x1b
 511 021e 08010000 		.4byte	0x108
 512 0222 30000000 		.4byte	.LBB16
 513 0226 30000000 		.4byte	.Ldebug_ranges0+0x30
 514 022a 01       		.byte	0x1
 515 022b 2E01     		.2byte	0x12e
ARM GAS  C:\Users\STUDENT\AppData\Local\Temp\ccSSBPbb.s 			page 16


 516 022d 18       		.uleb128 0x18
 517 022e 7E000000 		.4byte	.LVL3
 518 0232 6D020000 		.4byte	0x26d
 519 0236 40020000 		.4byte	0x240
 520 023a 19       		.uleb128 0x19
 521 023b 01       		.uleb128 0x1
 522 023c 50       		.byte	0x50
 523 023d 01       		.uleb128 0x1
 524 023e 48       		.byte	0x48
 525 023f 00       		.byte	0
 526 0240 18       		.uleb128 0x18
 527 0241 9C000000 		.4byte	.LVL4
 528 0245 78020000 		.4byte	0x278
 529 0249 53020000 		.4byte	0x253
 530 024d 19       		.uleb128 0x19
 531 024e 01       		.uleb128 0x1
 532 024f 50       		.byte	0x50
 533 0250 01       		.uleb128 0x1
 534 0251 39       		.byte	0x39
 535 0252 00       		.byte	0
 536 0253 1A       		.uleb128 0x1a
 537 0254 A2000000 		.4byte	.LVL5
 538 0258 83020000 		.4byte	0x283
 539 025c 19       		.uleb128 0x19
 540 025d 01       		.uleb128 0x1
 541 025e 50       		.byte	0x50
 542 025f 01       		.uleb128 0x1
 543 0260 39       		.byte	0x39
 544 0261 00       		.byte	0
 545 0262 00       		.byte	0
 546 0263 00       		.byte	0
 547 0264 1C       		.uleb128 0x1c
 548 0265 DC000000 		.4byte	.LASF34
 549 0269 DC000000 		.4byte	.LASF34
 550 026d 1D       		.uleb128 0x1d
 551 026e 70010000 		.4byte	.LASF26
 552 0272 70010000 		.4byte	.LASF26
 553 0276 04       		.byte	0x4
 554 0277 6C       		.byte	0x6c
 555 0278 1D       		.uleb128 0x1d
 556 0279 1E000000 		.4byte	.LASF27
 557 027d 1E000000 		.4byte	.LASF27
 558 0281 04       		.byte	0x4
 559 0282 D0       		.byte	0xd0
 560 0283 1D       		.uleb128 0x1d
 561 0284 EA000000 		.4byte	.LASF28
 562 0288 EA000000 		.4byte	.LASF28
 563 028c 04       		.byte	0x4
 564 028d D6       		.byte	0xd6
 565 028e 00       		.byte	0
 566              		.section	.debug_abbrev,"",%progbits
 567              	.Ldebug_abbrev0:
 568 0000 01       		.uleb128 0x1
 569 0001 11       		.uleb128 0x11
 570 0002 01       		.byte	0x1
 571 0003 25       		.uleb128 0x25
 572 0004 0E       		.uleb128 0xe
ARM GAS  C:\Users\STUDENT\AppData\Local\Temp\ccSSBPbb.s 			page 17


 573 0005 13       		.uleb128 0x13
 574 0006 0B       		.uleb128 0xb
 575 0007 03       		.uleb128 0x3
 576 0008 0E       		.uleb128 0xe
 577 0009 1B       		.uleb128 0x1b
 578 000a 0E       		.uleb128 0xe
 579 000b 55       		.uleb128 0x55
 580 000c 17       		.uleb128 0x17
 581 000d 11       		.uleb128 0x11
 582 000e 01       		.uleb128 0x1
 583 000f 10       		.uleb128 0x10
 584 0010 17       		.uleb128 0x17
 585 0011 00       		.byte	0
 586 0012 00       		.byte	0
 587 0013 02       		.uleb128 0x2
 588 0014 24       		.uleb128 0x24
 589 0015 00       		.byte	0
 590 0016 0B       		.uleb128 0xb
 591 0017 0B       		.uleb128 0xb
 592 0018 3E       		.uleb128 0x3e
 593 0019 0B       		.uleb128 0xb
 594 001a 03       		.uleb128 0x3
 595 001b 08       		.uleb128 0x8
 596 001c 00       		.byte	0
 597 001d 00       		.byte	0
 598 001e 03       		.uleb128 0x3
 599 001f 16       		.uleb128 0x16
 600 0020 00       		.byte	0
 601 0021 03       		.uleb128 0x3
 602 0022 0E       		.uleb128 0xe
 603 0023 3A       		.uleb128 0x3a
 604 0024 0B       		.uleb128 0xb
 605 0025 3B       		.uleb128 0x3b
 606 0026 0B       		.uleb128 0xb
 607 0027 49       		.uleb128 0x49
 608 0028 13       		.uleb128 0x13
 609 0029 00       		.byte	0
 610 002a 00       		.byte	0
 611 002b 04       		.uleb128 0x4
 612 002c 24       		.uleb128 0x24
 613 002d 00       		.byte	0
 614 002e 0B       		.uleb128 0xb
 615 002f 0B       		.uleb128 0xb
 616 0030 3E       		.uleb128 0x3e
 617 0031 0B       		.uleb128 0xb
 618 0032 03       		.uleb128 0x3
 619 0033 0E       		.uleb128 0xe
 620 0034 00       		.byte	0
 621 0035 00       		.byte	0
 622 0036 05       		.uleb128 0x5
 623 0037 0F       		.uleb128 0xf
 624 0038 00       		.byte	0
 625 0039 0B       		.uleb128 0xb
 626 003a 0B       		.uleb128 0xb
 627 003b 00       		.byte	0
 628 003c 00       		.byte	0
 629 003d 06       		.uleb128 0x6
ARM GAS  C:\Users\STUDENT\AppData\Local\Temp\ccSSBPbb.s 			page 18


 630 003e 16       		.uleb128 0x16
 631 003f 00       		.byte	0
 632 0040 03       		.uleb128 0x3
 633 0041 0E       		.uleb128 0xe
 634 0042 3A       		.uleb128 0x3a
 635 0043 0B       		.uleb128 0xb
 636 0044 3B       		.uleb128 0x3b
 637 0045 05       		.uleb128 0x5
 638 0046 49       		.uleb128 0x49
 639 0047 13       		.uleb128 0x13
 640 0048 00       		.byte	0
 641 0049 00       		.byte	0
 642 004a 07       		.uleb128 0x7
 643 004b 35       		.uleb128 0x35
 644 004c 00       		.byte	0
 645 004d 49       		.uleb128 0x49
 646 004e 13       		.uleb128 0x13
 647 004f 00       		.byte	0
 648 0050 00       		.byte	0
 649 0051 08       		.uleb128 0x8
 650 0052 2E       		.uleb128 0x2e
 651 0053 00       		.byte	0
 652 0054 03       		.uleb128 0x3
 653 0055 0E       		.uleb128 0xe
 654 0056 3A       		.uleb128 0x3a
 655 0057 0B       		.uleb128 0xb
 656 0058 3B       		.uleb128 0x3b
 657 0059 0B       		.uleb128 0xb
 658 005a 27       		.uleb128 0x27
 659 005b 19       		.uleb128 0x19
 660 005c 20       		.uleb128 0x20
 661 005d 0B       		.uleb128 0xb
 662 005e 00       		.byte	0
 663 005f 00       		.byte	0
 664 0060 09       		.uleb128 0x9
 665 0061 2E       		.uleb128 0x2e
 666 0062 01       		.byte	0x1
 667 0063 03       		.uleb128 0x3
 668 0064 0E       		.uleb128 0xe
 669 0065 3A       		.uleb128 0x3a
 670 0066 0B       		.uleb128 0xb
 671 0067 3B       		.uleb128 0x3b
 672 0068 0B       		.uleb128 0xb
 673 0069 27       		.uleb128 0x27
 674 006a 19       		.uleb128 0x19
 675 006b 20       		.uleb128 0x20
 676 006c 0B       		.uleb128 0xb
 677 006d 01       		.uleb128 0x1
 678 006e 13       		.uleb128 0x13
 679 006f 00       		.byte	0
 680 0070 00       		.byte	0
 681 0071 0A       		.uleb128 0xa
 682 0072 05       		.uleb128 0x5
 683 0073 00       		.byte	0
 684 0074 03       		.uleb128 0x3
 685 0075 08       		.uleb128 0x8
 686 0076 3A       		.uleb128 0x3a
ARM GAS  C:\Users\STUDENT\AppData\Local\Temp\ccSSBPbb.s 			page 19


 687 0077 0B       		.uleb128 0xb
 688 0078 3B       		.uleb128 0x3b
 689 0079 0B       		.uleb128 0xb
 690 007a 49       		.uleb128 0x49
 691 007b 13       		.uleb128 0x13
 692 007c 00       		.byte	0
 693 007d 00       		.byte	0
 694 007e 0B       		.uleb128 0xb
 695 007f 2E       		.uleb128 0x2e
 696 0080 01       		.byte	0x1
 697 0081 3F       		.uleb128 0x3f
 698 0082 19       		.uleb128 0x19
 699 0083 03       		.uleb128 0x3
 700 0084 0E       		.uleb128 0xe
 701 0085 3A       		.uleb128 0x3a
 702 0086 0B       		.uleb128 0xb
 703 0087 3B       		.uleb128 0x3b
 704 0088 0B       		.uleb128 0xb
 705 0089 27       		.uleb128 0x27
 706 008a 19       		.uleb128 0x19
 707 008b 11       		.uleb128 0x11
 708 008c 01       		.uleb128 0x1
 709 008d 12       		.uleb128 0x12
 710 008e 06       		.uleb128 0x6
 711 008f 40       		.uleb128 0x40
 712 0090 18       		.uleb128 0x18
 713 0091 9742     		.uleb128 0x2117
 714 0093 19       		.uleb128 0x19
 715 0094 01       		.uleb128 0x1
 716 0095 13       		.uleb128 0x13
 717 0096 00       		.byte	0
 718 0097 00       		.byte	0
 719 0098 0C       		.uleb128 0xc
 720 0099 0B       		.uleb128 0xb
 721 009a 01       		.byte	0x1
 722 009b 55       		.uleb128 0x55
 723 009c 17       		.uleb128 0x17
 724 009d 01       		.uleb128 0x1
 725 009e 13       		.uleb128 0x13
 726 009f 00       		.byte	0
 727 00a0 00       		.byte	0
 728 00a1 0D       		.uleb128 0xd
 729 00a2 13       		.uleb128 0x13
 730 00a3 01       		.byte	0x1
 731 00a4 0B       		.uleb128 0xb
 732 00a5 0B       		.uleb128 0xb
 733 00a6 3A       		.uleb128 0x3a
 734 00a7 0B       		.uleb128 0xb
 735 00a8 3B       		.uleb128 0x3b
 736 00a9 0B       		.uleb128 0xb
 737 00aa 01       		.uleb128 0x1
 738 00ab 13       		.uleb128 0x13
 739 00ac 00       		.byte	0
 740 00ad 00       		.byte	0
 741 00ae 0E       		.uleb128 0xe
 742 00af 0D       		.uleb128 0xd
 743 00b0 00       		.byte	0
ARM GAS  C:\Users\STUDENT\AppData\Local\Temp\ccSSBPbb.s 			page 20


 744 00b1 03       		.uleb128 0x3
 745 00b2 0E       		.uleb128 0xe
 746 00b3 3A       		.uleb128 0x3a
 747 00b4 0B       		.uleb128 0xb
 748 00b5 3B       		.uleb128 0x3b
 749 00b6 0B       		.uleb128 0xb
 750 00b7 49       		.uleb128 0x49
 751 00b8 13       		.uleb128 0x13
 752 00b9 38       		.uleb128 0x38
 753 00ba 0B       		.uleb128 0xb
 754 00bb 00       		.byte	0
 755 00bc 00       		.byte	0
 756 00bd 0F       		.uleb128 0xf
 757 00be 01       		.uleb128 0x1
 758 00bf 01       		.byte	0x1
 759 00c0 49       		.uleb128 0x49
 760 00c1 13       		.uleb128 0x13
 761 00c2 01       		.uleb128 0x1
 762 00c3 13       		.uleb128 0x13
 763 00c4 00       		.byte	0
 764 00c5 00       		.byte	0
 765 00c6 10       		.uleb128 0x10
 766 00c7 21       		.uleb128 0x21
 767 00c8 00       		.byte	0
 768 00c9 49       		.uleb128 0x49
 769 00ca 13       		.uleb128 0x13
 770 00cb 2F       		.uleb128 0x2f
 771 00cc 0B       		.uleb128 0xb
 772 00cd 00       		.byte	0
 773 00ce 00       		.byte	0
 774 00cf 11       		.uleb128 0x11
 775 00d0 26       		.uleb128 0x26
 776 00d1 00       		.byte	0
 777 00d2 49       		.uleb128 0x49
 778 00d3 13       		.uleb128 0x13
 779 00d4 00       		.byte	0
 780 00d5 00       		.byte	0
 781 00d6 12       		.uleb128 0x12
 782 00d7 34       		.uleb128 0x34
 783 00d8 00       		.byte	0
 784 00d9 03       		.uleb128 0x3
 785 00da 0E       		.uleb128 0xe
 786 00db 3A       		.uleb128 0x3a
 787 00dc 0B       		.uleb128 0xb
 788 00dd 3B       		.uleb128 0x3b
 789 00de 0B       		.uleb128 0xb
 790 00df 49       		.uleb128 0x49
 791 00e0 13       		.uleb128 0x13
 792 00e1 1C       		.uleb128 0x1c
 793 00e2 0A       		.uleb128 0xa
 794 00e3 00       		.byte	0
 795 00e4 00       		.byte	0
 796 00e5 13       		.uleb128 0x13
 797 00e6 34       		.uleb128 0x34
 798 00e7 00       		.byte	0
 799 00e8 03       		.uleb128 0x3
 800 00e9 08       		.uleb128 0x8
ARM GAS  C:\Users\STUDENT\AppData\Local\Temp\ccSSBPbb.s 			page 21


 801 00ea 3A       		.uleb128 0x3a
 802 00eb 0B       		.uleb128 0xb
 803 00ec 3B       		.uleb128 0x3b
 804 00ed 05       		.uleb128 0x5
 805 00ee 49       		.uleb128 0x49
 806 00ef 13       		.uleb128 0x13
 807 00f0 02       		.uleb128 0x2
 808 00f1 17       		.uleb128 0x17
 809 00f2 00       		.byte	0
 810 00f3 00       		.byte	0
 811 00f4 14       		.uleb128 0x14
 812 00f5 0B       		.uleb128 0xb
 813 00f6 01       		.byte	0x1
 814 00f7 11       		.uleb128 0x11
 815 00f8 01       		.uleb128 0x1
 816 00f9 12       		.uleb128 0x12
 817 00fa 06       		.uleb128 0x6
 818 00fb 00       		.byte	0
 819 00fc 00       		.byte	0
 820 00fd 15       		.uleb128 0x15
 821 00fe 0F       		.uleb128 0xf
 822 00ff 00       		.byte	0
 823 0100 0B       		.uleb128 0xb
 824 0101 0B       		.uleb128 0xb
 825 0102 49       		.uleb128 0x49
 826 0103 13       		.uleb128 0x13
 827 0104 00       		.byte	0
 828 0105 00       		.byte	0
 829 0106 16       		.uleb128 0x16
 830 0107 1D       		.uleb128 0x1d
 831 0108 01       		.byte	0x1
 832 0109 31       		.uleb128 0x31
 833 010a 13       		.uleb128 0x13
 834 010b 11       		.uleb128 0x11
 835 010c 01       		.uleb128 0x1
 836 010d 12       		.uleb128 0x12
 837 010e 06       		.uleb128 0x6
 838 010f 58       		.uleb128 0x58
 839 0110 0B       		.uleb128 0xb
 840 0111 59       		.uleb128 0x59
 841 0112 05       		.uleb128 0x5
 842 0113 00       		.byte	0
 843 0114 00       		.byte	0
 844 0115 17       		.uleb128 0x17
 845 0116 05       		.uleb128 0x5
 846 0117 00       		.byte	0
 847 0118 31       		.uleb128 0x31
 848 0119 13       		.uleb128 0x13
 849 011a 02       		.uleb128 0x2
 850 011b 17       		.uleb128 0x17
 851 011c 00       		.byte	0
 852 011d 00       		.byte	0
 853 011e 18       		.uleb128 0x18
 854 011f 898201   		.uleb128 0x4109
 855 0122 01       		.byte	0x1
 856 0123 11       		.uleb128 0x11
 857 0124 01       		.uleb128 0x1
ARM GAS  C:\Users\STUDENT\AppData\Local\Temp\ccSSBPbb.s 			page 22


 858 0125 31       		.uleb128 0x31
 859 0126 13       		.uleb128 0x13
 860 0127 01       		.uleb128 0x1
 861 0128 13       		.uleb128 0x13
 862 0129 00       		.byte	0
 863 012a 00       		.byte	0
 864 012b 19       		.uleb128 0x19
 865 012c 8A8201   		.uleb128 0x410a
 866 012f 00       		.byte	0
 867 0130 02       		.uleb128 0x2
 868 0131 18       		.uleb128 0x18
 869 0132 9142     		.uleb128 0x2111
 870 0134 18       		.uleb128 0x18
 871 0135 00       		.byte	0
 872 0136 00       		.byte	0
 873 0137 1A       		.uleb128 0x1a
 874 0138 898201   		.uleb128 0x4109
 875 013b 01       		.byte	0x1
 876 013c 11       		.uleb128 0x11
 877 013d 01       		.uleb128 0x1
 878 013e 31       		.uleb128 0x31
 879 013f 13       		.uleb128 0x13
 880 0140 00       		.byte	0
 881 0141 00       		.byte	0
 882 0142 1B       		.uleb128 0x1b
 883 0143 1D       		.uleb128 0x1d
 884 0144 01       		.byte	0x1
 885 0145 31       		.uleb128 0x31
 886 0146 13       		.uleb128 0x13
 887 0147 52       		.uleb128 0x52
 888 0148 01       		.uleb128 0x1
 889 0149 55       		.uleb128 0x55
 890 014a 17       		.uleb128 0x17
 891 014b 58       		.uleb128 0x58
 892 014c 0B       		.uleb128 0xb
 893 014d 59       		.uleb128 0x59
 894 014e 05       		.uleb128 0x5
 895 014f 00       		.byte	0
 896 0150 00       		.byte	0
 897 0151 1C       		.uleb128 0x1c
 898 0152 2E       		.uleb128 0x2e
 899 0153 00       		.byte	0
 900 0154 3F       		.uleb128 0x3f
 901 0155 19       		.uleb128 0x19
 902 0156 3C       		.uleb128 0x3c
 903 0157 19       		.uleb128 0x19
 904 0158 6E       		.uleb128 0x6e
 905 0159 0E       		.uleb128 0xe
 906 015a 03       		.uleb128 0x3
 907 015b 0E       		.uleb128 0xe
 908 015c 00       		.byte	0
 909 015d 00       		.byte	0
 910 015e 1D       		.uleb128 0x1d
 911 015f 2E       		.uleb128 0x2e
 912 0160 00       		.byte	0
 913 0161 3F       		.uleb128 0x3f
 914 0162 19       		.uleb128 0x19
ARM GAS  C:\Users\STUDENT\AppData\Local\Temp\ccSSBPbb.s 			page 23


 915 0163 3C       		.uleb128 0x3c
 916 0164 19       		.uleb128 0x19
 917 0165 6E       		.uleb128 0x6e
 918 0166 0E       		.uleb128 0xe
 919 0167 03       		.uleb128 0x3
 920 0168 0E       		.uleb128 0xe
 921 0169 3A       		.uleb128 0x3a
 922 016a 0B       		.uleb128 0xb
 923 016b 3B       		.uleb128 0x3b
 924 016c 0B       		.uleb128 0xb
 925 016d 00       		.byte	0
 926 016e 00       		.byte	0
 927 016f 00       		.byte	0
 928              		.section	.debug_loc,"",%progbits
 929              	.Ldebug_loc0:
 930              	.LLST0:
 931 0000 04000000 		.4byte	.LVL0
 932 0004 12000000 		.4byte	.LVL1
 933 0008 0200     		.2byte	0x2
 934 000a 30       		.byte	0x30
 935 000b 9F       		.byte	0x9f
 936 000c 12000000 		.4byte	.LVL1
 937 0010 1C000000 		.4byte	.LVL2
 938 0014 0200     		.2byte	0x2
 939 0016 31       		.byte	0x31
 940 0017 9F       		.byte	0x9f
 941 0018 1C000000 		.4byte	.LVL2
 942 001c 00010000 		.4byte	.LFE5
 943 0020 0200     		.2byte	0x2
 944 0022 32       		.byte	0x32
 945 0023 9F       		.byte	0x9f
 946 0024 00000000 		.4byte	0
 947 0028 00000000 		.4byte	0
 948              	.LLST1:
 949 002c 04000000 		.4byte	.LVL0
 950 0030 12000000 		.4byte	.LVL1
 951 0034 0600     		.2byte	0x6
 952 0036 F2       		.byte	0xf2
 953 0037 6F010000 		.4byte	.Ldebug_info0+367
 954 003b 00       		.sleb128 0
 955 003c 12000000 		.4byte	.LVL1
 956 0040 00010000 		.4byte	.LFE5
 957 0044 0600     		.2byte	0x6
 958 0046 F2       		.byte	0xf2
 959 0047 6F010000 		.4byte	.Ldebug_info0+367
 960 004b 06       		.sleb128 6
 961 004c 00000000 		.4byte	0
 962 0050 00000000 		.4byte	0
 963              	.LLST2:
 964 0054 04000000 		.4byte	.LVL0
 965 0058 1C000000 		.4byte	.LVL2
 966 005c 0400     		.2byte	0x4
 967 005e 0A       		.byte	0xa
 968 005f 0004     		.2byte	0x400
 969 0061 9F       		.byte	0x9f
 970 0062 00000000 		.4byte	0
 971 0066 00000000 		.4byte	0
ARM GAS  C:\Users\STUDENT\AppData\Local\Temp\ccSSBPbb.s 			page 24


 972              	.LLST3:
 973 006a 04000000 		.4byte	.LVL0
 974 006e 12000000 		.4byte	.LVL1
 975 0072 0600     		.2byte	0x6
 976 0074 0C       		.byte	0xc
 977 0075 00300F40 		.4byte	0x400f3000
 978 0079 9F       		.byte	0x9f
 979 007a 12000000 		.4byte	.LVL1
 980 007e 1C000000 		.4byte	.LVL2
 981 0082 0600     		.2byte	0x6
 982 0084 0C       		.byte	0xc
 983 0085 00400F40 		.4byte	0x400f4000
 984 0089 9F       		.byte	0x9f
 985 008a 00000000 		.4byte	0
 986 008e 00000000 		.4byte	0
 987              		.section	.debug_aranges,"",%progbits
 988 0000 1C000000 		.4byte	0x1c
 989 0004 0200     		.2byte	0x2
 990 0006 00000000 		.4byte	.Ldebug_info0
 991 000a 04       		.byte	0x4
 992 000b 00       		.byte	0
 993 000c 0000     		.2byte	0
 994 000e 0000     		.2byte	0
 995 0010 00000000 		.4byte	.LFB5
 996 0014 00010000 		.4byte	.LFE5-.LFB5
 997 0018 00000000 		.4byte	0
 998 001c 00000000 		.4byte	0
 999              		.section	.debug_ranges,"",%progbits
 1000              	.Ldebug_ranges0:
 1001 0000 04000000 		.4byte	.LBB12
 1002 0004 30000000 		.4byte	.LBE12
 1003 0008 32000000 		.4byte	.LBB21
 1004 000c 36000000 		.4byte	.LBE21
 1005 0010 38000000 		.4byte	.LBB23
 1006 0014 3C000000 		.4byte	.LBE23
 1007 0018 3E000000 		.4byte	.LBB25
 1008 001c 42000000 		.4byte	.LBE25
 1009 0020 42000000 		.4byte	.LBB26
 1010 0024 48000000 		.4byte	.LBE26
 1011 0028 00000000 		.4byte	0
 1012 002c 00000000 		.4byte	0
 1013 0030 30000000 		.4byte	.LBB16
 1014 0034 32000000 		.4byte	.LBE16
 1015 0038 36000000 		.4byte	.LBB22
 1016 003c 38000000 		.4byte	.LBE22
 1017 0040 3C000000 		.4byte	.LBB24
 1018 0044 3E000000 		.4byte	.LBE24
 1019 0048 70000000 		.4byte	.LBB27
 1020 004c A6000000 		.4byte	.LBE27
 1021 0050 00000000 		.4byte	0
 1022 0054 00000000 		.4byte	0
 1023 0058 00000000 		.4byte	.LFB5
 1024 005c 00010000 		.4byte	.LFE5
 1025 0060 00000000 		.4byte	0
 1026 0064 00000000 		.4byte	0
 1027              		.section	.debug_line,"",%progbits
 1028              	.Ldebug_line0:
ARM GAS  C:\Users\STUDENT\AppData\Local\Temp\ccSSBPbb.s 			page 25


 1029 0000 42010000 		.section	.debug_str,"MS",%progbits,1
 1029      0200D600 
 1029      00000201 
 1029      FB0E0D00 
 1029      01010101 
 1030              	.LASF19:
 1031 0000 72656733 		.ascii	"reg32\000"
 1031      3200
 1032              	.LASF12:
 1033 0006 73697A65 		.ascii	"size_t\000"
 1033      5F7400
 1034              	.LASF20:
 1035 000d 416E616C 		.ascii	"AnalogSetDefault\000"
 1035      6F675365 
 1035      74446566 
 1035      61756C74 
 1035      00
 1036              	.LASF27:
 1037 001e 4379496E 		.ascii	"CyIntSetVector\000"
 1037      74536574 
 1037      56656374 
 1037      6F7200
 1038              	.LASF25:
 1039 002d 6366675F 		.ascii	"cfg_memset_list\000"
 1039      6D656D73 
 1039      65745F6C 
 1039      69737400 
 1040              	.LASF21:
 1041 003d 436C6F63 		.ascii	"ClockSetup\000"
 1041      6B536574 
 1041      757000
 1042              	.LASF6:
 1043 0048 73686F72 		.ascii	"short unsigned int\000"
 1043      7420756E 
 1043      7369676E 
 1043      65642069 
 1043      6E7400
 1044              	.LASF31:
 1045 005b 433A5C55 		.ascii	"C:\\Users\\STUDENT\\Documents\\PSoC Creator\\Lab1\\"
 1045      73657273 
 1045      5C535455 
 1045      44454E54 
 1045      5C446F63 
 1046 0088 5461736B 		.ascii	"Task1Lab2UART.cydsn\000"
 1046      314C6162 
 1046      32554152 
 1046      542E6379 
 1046      64736E00 
 1047              	.LASF16:
 1048 009c 666C6F61 		.ascii	"float\000"
 1048      7400
 1049              	.LASF23:
 1050 00a2 73697A65 		.ascii	"size\000"
 1050      00
 1051              	.LASF18:
 1052 00a7 72656738 		.ascii	"reg8\000"
 1052      00
ARM GAS  C:\Users\STUDENT\AppData\Local\Temp\ccSSBPbb.s 			page 26


 1053              	.LASF8:
 1054 00ac 6C6F6E67 		.ascii	"long unsigned int\000"
 1054      20756E73 
 1054      69676E65 
 1054      6420696E 
 1054      7400
 1055              	.LASF13:
 1056 00be 75696E74 		.ascii	"uint8\000"
 1056      3800
 1057              	.LASF32:
 1058 00c4 43594D45 		.ascii	"CYMEMZERO\000"
 1058      4D5A4552 
 1058      4F00
 1059              	.LASF4:
 1060 00ce 756E7369 		.ascii	"unsigned char\000"
 1060      676E6564 
 1060      20636861 
 1060      7200
 1061              	.LASF34:
 1062 00dc 6D656D73 		.ascii	"memset\000"
 1062      657400
 1063              	.LASF17:
 1064 00e3 646F7562 		.ascii	"double\000"
 1064      6C6500
 1065              	.LASF28:
 1066 00ea 4379496E 		.ascii	"CyIntEnable\000"
 1066      74456E61 
 1066      626C6500 
 1067              	.LASF14:
 1068 00f6 75696E74 		.ascii	"uint16\000"
 1068      313600
 1069              	.LASF15:
 1070 00fd 75696E74 		.ascii	"uint32\000"
 1070      333200
 1071              	.LASF0:
 1072 0104 756E7369 		.ascii	"unsigned int\000"
 1072      676E6564 
 1072      20696E74 
 1072      00
 1073              	.LASF33:
 1074 0111 63796669 		.ascii	"cyfitter_cfg\000"
 1074      74746572 
 1074      5F636667 
 1074      00
 1075              	.LASF22:
 1076 011e 61646472 		.ascii	"address\000"
 1076      65737300 
 1077              	.LASF9:
 1078 0126 6C6F6E67 		.ascii	"long long unsigned int\000"
 1078      206C6F6E 
 1078      6720756E 
 1078      7369676E 
 1078      65642069 
 1079              	.LASF24:
 1080 013d 6366675F 		.ascii	"cfg_memset_t\000"
 1080      6D656D73 
 1080      65745F74 
ARM GAS  C:\Users\STUDENT\AppData\Local\Temp\ccSSBPbb.s 			page 27


 1080      00
 1081              	.LASF10:
 1082 014a 73697A65 		.ascii	"sizetype\000"
 1082      74797065 
 1082      00
 1083              	.LASF1:
 1084 0153 6C6F6E67 		.ascii	"long long int\000"
 1084      206C6F6E 
 1084      6720696E 
 1084      7400
 1085              	.LASF11:
 1086 0161 63686172 		.ascii	"char\000"
 1086      00
 1087              	.LASF5:
 1088 0166 73686F72 		.ascii	"short int\000"
 1088      7420696E 
 1088      7400
 1089              	.LASF26:
 1090 0170 43795379 		.ascii	"CySysClkWriteImoFreq\000"
 1090      73436C6B 
 1090      57726974 
 1090      65496D6F 
 1090      46726571 
 1091              	.LASF7:
 1092 0185 6C6F6E67 		.ascii	"long int\000"
 1092      20696E74 
 1092      00
 1093              	.LASF2:
 1094 018e 6C6F6E67 		.ascii	"long double\000"
 1094      20646F75 
 1094      626C6500 
 1095              	.LASF3:
 1096 019a 7369676E 		.ascii	"signed char\000"
 1096      65642063 
 1096      68617200 
 1097              	.LASF30:
 1098 01a6 47656E65 		.ascii	"Generated_Source\\PSoC4\\cyfitter_cfg.c\000"
 1098      72617465 
 1098      645F536F 
 1098      75726365 
 1098      5C50536F 
 1099              	.LASF29:
 1100 01cc 474E5520 		.ascii	"GNU C11 5.4.1 20160609 (release) [ARM/embedded-5-br"
 1100      43313120 
 1100      352E342E 
 1100      31203230 
 1100      31363036 
 1101 01ff 616E6368 		.ascii	"anch revision 237715] -mcpu=cortex-m0 -mthumb -g -O"
 1101      20726576 
 1101      6973696F 
 1101      6E203233 
 1101      37373135 
 1102 0232 73202D66 		.ascii	"s -ffunction-sections -ffat-lto-objects\000"
 1102      66756E63 
 1102      74696F6E 
 1102      2D736563 
 1102      74696F6E 
ARM GAS  C:\Users\STUDENT\AppData\Local\Temp\ccSSBPbb.s 			page 28


 1103              		.ident	"GCC: (GNU Tools for ARM Embedded Processors) 5.4.1 20160609 (release) [ARM/embedded-5-bran
