ARM GAS  C:\Users\STUDENT\AppData\Local\Temp\cc0fISTz.s 			page 1


   1              		.syntax unified
   2              		.cpu cortex-m0
   3              		.fpu softvfp
   4              		.eabi_attribute 20, 1
   5              		.eabi_attribute 21, 1
   6              		.eabi_attribute 23, 3
   7              		.eabi_attribute 24, 1
   8              		.eabi_attribute 25, 1
   9              		.eabi_attribute 26, 1
  10              		.eabi_attribute 30, 4
  11              		.eabi_attribute 34, 0
  12              		.eabi_attribute 18, 4
  13              		.thumb
  14              		.syntax unified
  15              		.file	"main.c"
  16              		.text
  17              	.Ltext0:
  18              		.cfi_sections	.debug_frame
  19              		.section	.text.startup.main,"ax",%progbits
  20              		.align	1
  21              		.global	main
  22              		.code	16
  23              		.thumb_func
  24              		.type	main, %function
  25              	main:
  26              	.LFB32:
  27              		.file 1 "main.c"
   1:main.c        **** #include "project.h"
   2:main.c        **** int main(void)
   3:main.c        **** {
  28              		.loc 1 3 0
  29              		.cfi_startproc
  30              		@ Volatile: function does not return.
  31              		@ args = 0, pretend = 0, frame = 0
  32              		@ frame_needed = 0, uses_anonymous_args = 0
  33 0000 10B5     		push	{r4, lr}
  34              		.cfi_def_cfa_offset 8
  35              		.cfi_offset 4, -8
  36              		.cfi_offset 14, -4
   4:main.c        **** CyGlobalIntEnable; /* Enable global interrupts. */
  37              		.loc 1 4 0
  38              		.syntax divided
  39              	@ 4 "main.c" 1
  40 0002 62B6     		CPSIE   i
  41              	@ 0 "" 2
  42              		.thumb
  43              		.syntax unified
  44              	.L2:
   5:main.c        **** for(;;)
   6:main.c        **** {
   7:main.c        **** LED_Red_Write(0);
  45              		.loc 1 7 0 discriminator 1
  46 0004 0020     		movs	r0, #0
  47 0006 FFF7FEFF 		bl	LED_Red_Write
  48              	.LVL0:
   8:main.c        **** LED_Blue_Write(0);
  49              		.loc 1 8 0 discriminator 1
ARM GAS  C:\Users\STUDENT\AppData\Local\Temp\cc0fISTz.s 			page 2


  50 000a 0020     		movs	r0, #0
  51 000c FFF7FEFF 		bl	LED_Blue_Write
  52              	.LVL1:
   9:main.c        **** CyDelay(500);
  53              		.loc 1 9 0 discriminator 1
  54 0010 FA20     		movs	r0, #250
  55 0012 4000     		lsls	r0, r0, #1
  56 0014 FFF7FEFF 		bl	CyDelay
  57              	.LVL2:
  10:main.c        **** LED_Red_Write(1);
  58              		.loc 1 10 0 discriminator 1
  59 0018 0120     		movs	r0, #1
  60 001a FFF7FEFF 		bl	LED_Red_Write
  61              	.LVL3:
  11:main.c        **** LED_Blue_Write(1);
  62              		.loc 1 11 0 discriminator 1
  63 001e 0120     		movs	r0, #1
  64 0020 FFF7FEFF 		bl	LED_Blue_Write
  65              	.LVL4:
  12:main.c        **** CyDelay(500);
  66              		.loc 1 12 0 discriminator 1
  67 0024 FA20     		movs	r0, #250
  68 0026 4000     		lsls	r0, r0, #1
  69 0028 FFF7FEFF 		bl	CyDelay
  70              	.LVL5:
  13:main.c        **** LED_Blue_Write(0);
  71              		.loc 1 13 0 discriminator 1
  72 002c 0020     		movs	r0, #0
  73 002e FFF7FEFF 		bl	LED_Blue_Write
  74              	.LVL6:
  14:main.c        **** LED_Green_Write(0);
  75              		.loc 1 14 0 discriminator 1
  76 0032 0020     		movs	r0, #0
  77 0034 FFF7FEFF 		bl	LED_Green_Write
  78              	.LVL7:
  15:main.c        **** CyDelay(500);
  79              		.loc 1 15 0 discriminator 1
  80 0038 FA20     		movs	r0, #250
  81 003a 4000     		lsls	r0, r0, #1
  82 003c FFF7FEFF 		bl	CyDelay
  83              	.LVL8:
  16:main.c        **** LED_Blue_Write(1);
  84              		.loc 1 16 0 discriminator 1
  85 0040 0120     		movs	r0, #1
  86 0042 FFF7FEFF 		bl	LED_Blue_Write
  87              	.LVL9:
  17:main.c        **** LED_Green_Write(1);
  88              		.loc 1 17 0 discriminator 1
  89 0046 0120     		movs	r0, #1
  90 0048 FFF7FEFF 		bl	LED_Green_Write
  91              	.LVL10:
  18:main.c        **** CyDelay(500);
  92              		.loc 1 18 0 discriminator 1
  93 004c FA20     		movs	r0, #250
  94 004e 4000     		lsls	r0, r0, #1
  95 0050 FFF7FEFF 		bl	CyDelay
  96              	.LVL11:
ARM GAS  C:\Users\STUDENT\AppData\Local\Temp\cc0fISTz.s 			page 3


  97 0054 D6E7     		b	.L2
  98              		.cfi_endproc
  99              	.LFE32:
 100              		.size	main, .-main
 101              		.text
 102              	.Letext0:
 103              		.file 2 "Generated_Source\\PSoC4/LED_Red.h"
 104              		.file 3 "Generated_Source\\PSoC4/LED_Blue.h"
 105              		.file 4 "Generated_Source\\PSoC4/CyLib.h"
 106              		.file 5 "Generated_Source\\PSoC4/LED_Green.h"
 107              		.section	.debug_info,"",%progbits
 108              	.Ldebug_info0:
 109 0000 B9010000 		.4byte	0x1b9
 110 0004 0400     		.2byte	0x4
 111 0006 00000000 		.4byte	.Ldebug_abbrev0
 112 000a 04       		.byte	0x4
 113 000b 01       		.uleb128 0x1
 114 000c 58000000 		.4byte	.LASF18
 115 0010 0C       		.byte	0xc
 116 0011 1B000000 		.4byte	.LASF19
 117 0015 F6000000 		.4byte	.LASF20
 118 0019 00000000 		.4byte	.Ldebug_ranges0+0
 119 001d 00000000 		.4byte	0
 120 0021 00000000 		.4byte	.Ldebug_line0
 121 0025 02       		.uleb128 0x2
 122 0026 01       		.byte	0x1
 123 0027 06       		.byte	0x6
 124 0028 86010000 		.4byte	.LASF0
 125 002c 02       		.uleb128 0x2
 126 002d 01       		.byte	0x1
 127 002e 08       		.byte	0x8
 128 002f 37010000 		.4byte	.LASF1
 129 0033 02       		.uleb128 0x2
 130 0034 02       		.byte	0x2
 131 0035 05       		.byte	0x5
 132 0036 53010000 		.4byte	.LASF2
 133 003a 02       		.uleb128 0x2
 134 003b 02       		.byte	0x2
 135 003c 07       		.byte	0x7
 136 003d 73010000 		.4byte	.LASF3
 137 0041 02       		.uleb128 0x2
 138 0042 04       		.byte	0x4
 139 0043 05       		.byte	0x5
 140 0044 4A010000 		.4byte	.LASF4
 141 0048 02       		.uleb128 0x2
 142 0049 04       		.byte	0x4
 143 004a 07       		.byte	0x7
 144 004b 2F000000 		.4byte	.LASF5
 145 004f 02       		.uleb128 0x2
 146 0050 08       		.byte	0x8
 147 0051 05       		.byte	0x5
 148 0052 00000000 		.4byte	.LASF6
 149 0056 02       		.uleb128 0x2
 150 0057 08       		.byte	0x8
 151 0058 07       		.byte	0x7
 152 0059 41000000 		.4byte	.LASF7
 153 005d 03       		.uleb128 0x3
ARM GAS  C:\Users\STUDENT\AppData\Local\Temp\cc0fISTz.s 			page 4


 154 005e 04       		.byte	0x4
 155 005f 05       		.byte	0x5
 156 0060 696E7400 		.ascii	"int\000"
 157 0064 02       		.uleb128 0x2
 158 0065 04       		.byte	0x4
 159 0066 07       		.byte	0x7
 160 0067 0E000000 		.4byte	.LASF8
 161 006b 02       		.uleb128 0x2
 162 006c 04       		.byte	0x4
 163 006d 04       		.byte	0x4
 164 006e AC010000 		.4byte	.LASF9
 165 0072 02       		.uleb128 0x2
 166 0073 08       		.byte	0x8
 167 0074 04       		.byte	0x4
 168 0075 5D010000 		.4byte	.LASF10
 169 0079 02       		.uleb128 0x2
 170 007a 01       		.byte	0x1
 171 007b 08       		.byte	0x8
 172 007c 45010000 		.4byte	.LASF11
 173 0080 02       		.uleb128 0x2
 174 0081 04       		.byte	0x4
 175 0082 07       		.byte	0x7
 176 0083 B2010000 		.4byte	.LASF12
 177 0087 02       		.uleb128 0x2
 178 0088 08       		.byte	0x8
 179 0089 04       		.byte	0x4
 180 008a A0010000 		.4byte	.LASF13
 181 008e 04       		.uleb128 0x4
 182 008f 22000000 		.4byte	.LASF21
 183 0093 01       		.byte	0x1
 184 0094 02       		.byte	0x2
 185 0095 5D000000 		.4byte	0x5d
 186 0099 00000000 		.4byte	.LFB32
 187 009d 56000000 		.4byte	.LFE32-.LFB32
 188 00a1 01       		.uleb128 0x1
 189 00a2 9C       		.byte	0x9c
 190 00a3 90010000 		.4byte	0x190
 191 00a7 05       		.uleb128 0x5
 192 00a8 0A000000 		.4byte	.LVL0
 193 00ac 90010000 		.4byte	0x190
 194 00b0 BA000000 		.4byte	0xba
 195 00b4 06       		.uleb128 0x6
 196 00b5 01       		.uleb128 0x1
 197 00b6 50       		.byte	0x50
 198 00b7 01       		.uleb128 0x1
 199 00b8 30       		.byte	0x30
 200 00b9 00       		.byte	0
 201 00ba 05       		.uleb128 0x5
 202 00bb 10000000 		.4byte	.LVL1
 203 00bf 9B010000 		.4byte	0x19b
 204 00c3 CD000000 		.4byte	0xcd
 205 00c7 06       		.uleb128 0x6
 206 00c8 01       		.uleb128 0x1
 207 00c9 50       		.byte	0x50
 208 00ca 01       		.uleb128 0x1
 209 00cb 30       		.byte	0x30
 210 00cc 00       		.byte	0
ARM GAS  C:\Users\STUDENT\AppData\Local\Temp\cc0fISTz.s 			page 5


 211 00cd 05       		.uleb128 0x5
 212 00ce 18000000 		.4byte	.LVL2
 213 00d2 A6010000 		.4byte	0x1a6
 214 00d6 E2000000 		.4byte	0xe2
 215 00da 06       		.uleb128 0x6
 216 00db 01       		.uleb128 0x1
 217 00dc 50       		.byte	0x50
 218 00dd 03       		.uleb128 0x3
 219 00de 0A       		.byte	0xa
 220 00df F401     		.2byte	0x1f4
 221 00e1 00       		.byte	0
 222 00e2 05       		.uleb128 0x5
 223 00e3 1E000000 		.4byte	.LVL3
 224 00e7 90010000 		.4byte	0x190
 225 00eb F5000000 		.4byte	0xf5
 226 00ef 06       		.uleb128 0x6
 227 00f0 01       		.uleb128 0x1
 228 00f1 50       		.byte	0x50
 229 00f2 01       		.uleb128 0x1
 230 00f3 31       		.byte	0x31
 231 00f4 00       		.byte	0
 232 00f5 05       		.uleb128 0x5
 233 00f6 24000000 		.4byte	.LVL4
 234 00fa 9B010000 		.4byte	0x19b
 235 00fe 08010000 		.4byte	0x108
 236 0102 06       		.uleb128 0x6
 237 0103 01       		.uleb128 0x1
 238 0104 50       		.byte	0x50
 239 0105 01       		.uleb128 0x1
 240 0106 31       		.byte	0x31
 241 0107 00       		.byte	0
 242 0108 05       		.uleb128 0x5
 243 0109 2C000000 		.4byte	.LVL5
 244 010d A6010000 		.4byte	0x1a6
 245 0111 1D010000 		.4byte	0x11d
 246 0115 06       		.uleb128 0x6
 247 0116 01       		.uleb128 0x1
 248 0117 50       		.byte	0x50
 249 0118 03       		.uleb128 0x3
 250 0119 0A       		.byte	0xa
 251 011a F401     		.2byte	0x1f4
 252 011c 00       		.byte	0
 253 011d 05       		.uleb128 0x5
 254 011e 32000000 		.4byte	.LVL6
 255 0122 9B010000 		.4byte	0x19b
 256 0126 30010000 		.4byte	0x130
 257 012a 06       		.uleb128 0x6
 258 012b 01       		.uleb128 0x1
 259 012c 50       		.byte	0x50
 260 012d 01       		.uleb128 0x1
 261 012e 30       		.byte	0x30
 262 012f 00       		.byte	0
 263 0130 05       		.uleb128 0x5
 264 0131 38000000 		.4byte	.LVL7
 265 0135 B1010000 		.4byte	0x1b1
 266 0139 43010000 		.4byte	0x143
 267 013d 06       		.uleb128 0x6
ARM GAS  C:\Users\STUDENT\AppData\Local\Temp\cc0fISTz.s 			page 6


 268 013e 01       		.uleb128 0x1
 269 013f 50       		.byte	0x50
 270 0140 01       		.uleb128 0x1
 271 0141 30       		.byte	0x30
 272 0142 00       		.byte	0
 273 0143 05       		.uleb128 0x5
 274 0144 40000000 		.4byte	.LVL8
 275 0148 A6010000 		.4byte	0x1a6
 276 014c 58010000 		.4byte	0x158
 277 0150 06       		.uleb128 0x6
 278 0151 01       		.uleb128 0x1
 279 0152 50       		.byte	0x50
 280 0153 03       		.uleb128 0x3
 281 0154 0A       		.byte	0xa
 282 0155 F401     		.2byte	0x1f4
 283 0157 00       		.byte	0
 284 0158 05       		.uleb128 0x5
 285 0159 46000000 		.4byte	.LVL9
 286 015d 9B010000 		.4byte	0x19b
 287 0161 6B010000 		.4byte	0x16b
 288 0165 06       		.uleb128 0x6
 289 0166 01       		.uleb128 0x1
 290 0167 50       		.byte	0x50
 291 0168 01       		.uleb128 0x1
 292 0169 31       		.byte	0x31
 293 016a 00       		.byte	0
 294 016b 05       		.uleb128 0x5
 295 016c 4C000000 		.4byte	.LVL10
 296 0170 B1010000 		.4byte	0x1b1
 297 0174 7E010000 		.4byte	0x17e
 298 0178 06       		.uleb128 0x6
 299 0179 01       		.uleb128 0x1
 300 017a 50       		.byte	0x50
 301 017b 01       		.uleb128 0x1
 302 017c 31       		.byte	0x31
 303 017d 00       		.byte	0
 304 017e 07       		.uleb128 0x7
 305 017f 54000000 		.4byte	.LVL11
 306 0183 A6010000 		.4byte	0x1a6
 307 0187 06       		.uleb128 0x6
 308 0188 01       		.uleb128 0x1
 309 0189 50       		.byte	0x50
 310 018a 03       		.uleb128 0x3
 311 018b 0A       		.byte	0xa
 312 018c F401     		.2byte	0x1f4
 313 018e 00       		.byte	0
 314 018f 00       		.byte	0
 315 0190 08       		.uleb128 0x8
 316 0191 92010000 		.4byte	.LASF14
 317 0195 92010000 		.4byte	.LASF14
 318 0199 02       		.byte	0x2
 319 019a 33       		.byte	0x33
 320 019b 08       		.uleb128 0x8
 321 019c 64010000 		.4byte	.LASF15
 322 01a0 64010000 		.4byte	.LASF15
 323 01a4 03       		.byte	0x3
 324 01a5 33       		.byte	0x33
ARM GAS  C:\Users\STUDENT\AppData\Local\Temp\cc0fISTz.s 			page 7


 325 01a6 08       		.uleb128 0x8
 326 01a7 27000000 		.4byte	.LASF16
 327 01ab 27000000 		.4byte	.LASF16
 328 01af 04       		.byte	0x4
 329 01b0 EC       		.byte	0xec
 330 01b1 08       		.uleb128 0x8
 331 01b2 E6000000 		.4byte	.LASF17
 332 01b6 E6000000 		.4byte	.LASF17
 333 01ba 05       		.byte	0x5
 334 01bb 33       		.byte	0x33
 335 01bc 00       		.byte	0
 336              		.section	.debug_abbrev,"",%progbits
 337              	.Ldebug_abbrev0:
 338 0000 01       		.uleb128 0x1
 339 0001 11       		.uleb128 0x11
 340 0002 01       		.byte	0x1
 341 0003 25       		.uleb128 0x25
 342 0004 0E       		.uleb128 0xe
 343 0005 13       		.uleb128 0x13
 344 0006 0B       		.uleb128 0xb
 345 0007 03       		.uleb128 0x3
 346 0008 0E       		.uleb128 0xe
 347 0009 1B       		.uleb128 0x1b
 348 000a 0E       		.uleb128 0xe
 349 000b 55       		.uleb128 0x55
 350 000c 17       		.uleb128 0x17
 351 000d 11       		.uleb128 0x11
 352 000e 01       		.uleb128 0x1
 353 000f 10       		.uleb128 0x10
 354 0010 17       		.uleb128 0x17
 355 0011 00       		.byte	0
 356 0012 00       		.byte	0
 357 0013 02       		.uleb128 0x2
 358 0014 24       		.uleb128 0x24
 359 0015 00       		.byte	0
 360 0016 0B       		.uleb128 0xb
 361 0017 0B       		.uleb128 0xb
 362 0018 3E       		.uleb128 0x3e
 363 0019 0B       		.uleb128 0xb
 364 001a 03       		.uleb128 0x3
 365 001b 0E       		.uleb128 0xe
 366 001c 00       		.byte	0
 367 001d 00       		.byte	0
 368 001e 03       		.uleb128 0x3
 369 001f 24       		.uleb128 0x24
 370 0020 00       		.byte	0
 371 0021 0B       		.uleb128 0xb
 372 0022 0B       		.uleb128 0xb
 373 0023 3E       		.uleb128 0x3e
 374 0024 0B       		.uleb128 0xb
 375 0025 03       		.uleb128 0x3
 376 0026 08       		.uleb128 0x8
 377 0027 00       		.byte	0
 378 0028 00       		.byte	0
 379 0029 04       		.uleb128 0x4
 380 002a 2E       		.uleb128 0x2e
 381 002b 01       		.byte	0x1
ARM GAS  C:\Users\STUDENT\AppData\Local\Temp\cc0fISTz.s 			page 8


 382 002c 3F       		.uleb128 0x3f
 383 002d 19       		.uleb128 0x19
 384 002e 03       		.uleb128 0x3
 385 002f 0E       		.uleb128 0xe
 386 0030 3A       		.uleb128 0x3a
 387 0031 0B       		.uleb128 0xb
 388 0032 3B       		.uleb128 0x3b
 389 0033 0B       		.uleb128 0xb
 390 0034 27       		.uleb128 0x27
 391 0035 19       		.uleb128 0x19
 392 0036 49       		.uleb128 0x49
 393 0037 13       		.uleb128 0x13
 394 0038 8701     		.uleb128 0x87
 395 003a 19       		.uleb128 0x19
 396 003b 11       		.uleb128 0x11
 397 003c 01       		.uleb128 0x1
 398 003d 12       		.uleb128 0x12
 399 003e 06       		.uleb128 0x6
 400 003f 40       		.uleb128 0x40
 401 0040 18       		.uleb128 0x18
 402 0041 9742     		.uleb128 0x2117
 403 0043 19       		.uleb128 0x19
 404 0044 01       		.uleb128 0x1
 405 0045 13       		.uleb128 0x13
 406 0046 00       		.byte	0
 407 0047 00       		.byte	0
 408 0048 05       		.uleb128 0x5
 409 0049 898201   		.uleb128 0x4109
 410 004c 01       		.byte	0x1
 411 004d 11       		.uleb128 0x11
 412 004e 01       		.uleb128 0x1
 413 004f 31       		.uleb128 0x31
 414 0050 13       		.uleb128 0x13
 415 0051 01       		.uleb128 0x1
 416 0052 13       		.uleb128 0x13
 417 0053 00       		.byte	0
 418 0054 00       		.byte	0
 419 0055 06       		.uleb128 0x6
 420 0056 8A8201   		.uleb128 0x410a
 421 0059 00       		.byte	0
 422 005a 02       		.uleb128 0x2
 423 005b 18       		.uleb128 0x18
 424 005c 9142     		.uleb128 0x2111
 425 005e 18       		.uleb128 0x18
 426 005f 00       		.byte	0
 427 0060 00       		.byte	0
 428 0061 07       		.uleb128 0x7
 429 0062 898201   		.uleb128 0x4109
 430 0065 01       		.byte	0x1
 431 0066 11       		.uleb128 0x11
 432 0067 01       		.uleb128 0x1
 433 0068 31       		.uleb128 0x31
 434 0069 13       		.uleb128 0x13
 435 006a 00       		.byte	0
 436 006b 00       		.byte	0
 437 006c 08       		.uleb128 0x8
 438 006d 2E       		.uleb128 0x2e
ARM GAS  C:\Users\STUDENT\AppData\Local\Temp\cc0fISTz.s 			page 9


 439 006e 00       		.byte	0
 440 006f 3F       		.uleb128 0x3f
 441 0070 19       		.uleb128 0x19
 442 0071 3C       		.uleb128 0x3c
 443 0072 19       		.uleb128 0x19
 444 0073 6E       		.uleb128 0x6e
 445 0074 0E       		.uleb128 0xe
 446 0075 03       		.uleb128 0x3
 447 0076 0E       		.uleb128 0xe
 448 0077 3A       		.uleb128 0x3a
 449 0078 0B       		.uleb128 0xb
 450 0079 3B       		.uleb128 0x3b
 451 007a 0B       		.uleb128 0xb
 452 007b 00       		.byte	0
 453 007c 00       		.byte	0
 454 007d 00       		.byte	0
 455              		.section	.debug_aranges,"",%progbits
 456 0000 1C000000 		.4byte	0x1c
 457 0004 0200     		.2byte	0x2
 458 0006 00000000 		.4byte	.Ldebug_info0
 459 000a 04       		.byte	0x4
 460 000b 00       		.byte	0
 461 000c 0000     		.2byte	0
 462 000e 0000     		.2byte	0
 463 0010 00000000 		.4byte	.LFB32
 464 0014 56000000 		.4byte	.LFE32-.LFB32
 465 0018 00000000 		.4byte	0
 466 001c 00000000 		.4byte	0
 467              		.section	.debug_ranges,"",%progbits
 468              	.Ldebug_ranges0:
 469 0000 00000000 		.4byte	.LFB32
 470 0004 56000000 		.4byte	.LFE32
 471 0008 00000000 		.4byte	0
 472 000c 00000000 		.4byte	0
 473              		.section	.debug_line,"",%progbits
 474              	.Ldebug_line0:
 475 0000 B9000000 		.section	.debug_str,"MS",%progbits,1
 475      02006900 
 475      00000201 
 475      FB0E0D00 
 475      01010101 
 476              	.LASF6:
 477 0000 6C6F6E67 		.ascii	"long long int\000"
 477      206C6F6E 
 477      6720696E 
 477      7400
 478              	.LASF8:
 479 000e 756E7369 		.ascii	"unsigned int\000"
 479      676E6564 
 479      20696E74 
 479      00
 480              	.LASF19:
 481 001b 6D61696E 		.ascii	"main.c\000"
 481      2E6300
 482              	.LASF21:
 483 0022 6D61696E 		.ascii	"main\000"
 483      00
ARM GAS  C:\Users\STUDENT\AppData\Local\Temp\cc0fISTz.s 			page 10


 484              	.LASF16:
 485 0027 43794465 		.ascii	"CyDelay\000"
 485      6C617900 
 486              	.LASF5:
 487 002f 6C6F6E67 		.ascii	"long unsigned int\000"
 487      20756E73 
 487      69676E65 
 487      6420696E 
 487      7400
 488              	.LASF7:
 489 0041 6C6F6E67 		.ascii	"long long unsigned int\000"
 489      206C6F6E 
 489      6720756E 
 489      7369676E 
 489      65642069 
 490              	.LASF18:
 491 0058 474E5520 		.ascii	"GNU C11 5.4.1 20160609 (release) [ARM/embedded-5-br"
 491      43313120 
 491      352E342E 
 491      31203230 
 491      31363036 
 492 008b 616E6368 		.ascii	"anch revision 237715] -mcpu=cortex-m0 -mthumb -g -O"
 492      20726576 
 492      6973696F 
 492      6E203233 
 492      37373135 
 493 00be 73202D66 		.ascii	"s -ffunction-sections -ffat-lto-objects\000"
 493      66756E63 
 493      74696F6E 
 493      2D736563 
 493      74696F6E 
 494              	.LASF17:
 495 00e6 4C45445F 		.ascii	"LED_Green_Write\000"
 495      47726565 
 495      6E5F5772 
 495      69746500 
 496              	.LASF20:
 497 00f6 433A5C55 		.ascii	"C:\\Users\\STUDENT\\Documents\\PSoC Creator\\Lab1\\"
 497      73657273 
 497      5C535455 
 497      44454E54 
 497      5C446F63 
 498 0123 5461736B 		.ascii	"Task1Lab2UART.cydsn\000"
 498      314C6162 
 498      32554152 
 498      542E6379 
 498      64736E00 
 499              	.LASF1:
 500 0137 756E7369 		.ascii	"unsigned char\000"
 500      676E6564 
 500      20636861 
 500      7200
 501              	.LASF11:
 502 0145 63686172 		.ascii	"char\000"
 502      00
 503              	.LASF4:
 504 014a 6C6F6E67 		.ascii	"long int\000"
ARM GAS  C:\Users\STUDENT\AppData\Local\Temp\cc0fISTz.s 			page 11


 504      20696E74 
 504      00
 505              	.LASF2:
 506 0153 73686F72 		.ascii	"short int\000"
 506      7420696E 
 506      7400
 507              	.LASF10:
 508 015d 646F7562 		.ascii	"double\000"
 508      6C6500
 509              	.LASF15:
 510 0164 4C45445F 		.ascii	"LED_Blue_Write\000"
 510      426C7565 
 510      5F577269 
 510      746500
 511              	.LASF3:
 512 0173 73686F72 		.ascii	"short unsigned int\000"
 512      7420756E 
 512      7369676E 
 512      65642069 
 512      6E7400
 513              	.LASF0:
 514 0186 7369676E 		.ascii	"signed char\000"
 514      65642063 
 514      68617200 
 515              	.LASF14:
 516 0192 4C45445F 		.ascii	"LED_Red_Write\000"
 516      5265645F 
 516      57726974 
 516      6500
 517              	.LASF13:
 518 01a0 6C6F6E67 		.ascii	"long double\000"
 518      20646F75 
 518      626C6500 
 519              	.LASF9:
 520 01ac 666C6F61 		.ascii	"float\000"
 520      7400
 521              	.LASF12:
 522 01b2 73697A65 		.ascii	"sizetype\000"
 522      74797065 
 522      00
 523              		.ident	"GCC: (GNU Tools for ARM Embedded Processors) 5.4.1 20160609 (release) [ARM/embedded-5-bran
